2025-01-29T12:05:24.450+05:00  INFO 17948 --- [pos] [main] dev.ali.pos.PosApplication               : Starting PosApplication using Java 22.0.2 with PID 17948 (D:\Projects\pos\target\classes started by Administrator in D:\Projects\pos)
2025-01-29T12:05:24.506+05:00  INFO 17948 --- [pos] [main] dev.ali.pos.PosApplication               : The following 1 profile is active: "dev"
2025-01-29T12:05:27.974+05:00  INFO 17948 --- [pos] [main] .s.d.r.c.RepositoryConfigurationDelegate : Bootstrapping Spring Data JPA repositories in DEFAULT mode.
2025-01-29T12:05:28.348+05:00  INFO 17948 --- [pos] [main] .s.d.r.c.RepositoryConfigurationDelegate : Finished Spring Data repository scanning in 344 ms. Found 9 JPA repository interfaces.
2025-01-29T12:05:31.374+05:00  INFO 17948 --- [pos] [main] o.s.b.w.embedded.tomcat.TomcatWebServer  : Tomcat initialized with port 8080 (http)
2025-01-29T12:05:31.418+05:00  INFO 17948 --- [pos] [main] o.apache.catalina.core.StandardService   : Starting service [Tomcat]
2025-01-29T12:05:31.419+05:00  INFO 17948 --- [pos] [main] o.apache.catalina.core.StandardEngine    : Starting Servlet engine: [Apache Tomcat/10.1.34]
2025-01-29T12:05:31.618+05:00  INFO 17948 --- [pos] [main] o.a.c.c.C.[Tomcat].[localhost].[/]       : Initializing Spring embedded WebApplicationContext
2025-01-29T12:05:31.619+05:00  INFO 17948 --- [pos] [main] w.s.c.ServletWebServerApplicationContext : Root WebApplicationContext: initialization completed in 6916 ms
2025-01-29T12:05:32.010+05:00  INFO 17948 --- [pos] [main] com.zaxxer.hikari.HikariDataSource       : HikariPool-1 - Starting...
2025-01-29T12:05:32.636+05:00  INFO 17948 --- [pos] [main] com.zaxxer.hikari.pool.HikariPool        : HikariPool-1 - Added connection org.postgresql.jdbc.PgConnection@4017fe2c
2025-01-29T12:05:32.642+05:00  INFO 17948 --- [pos] [main] com.zaxxer.hikari.HikariDataSource       : HikariPool-1 - Start completed.
2025-01-29T12:05:33.305+05:00  INFO 17948 --- [pos] [main] o.hibernate.jpa.internal.util.LogHelper  : HHH000204: Processing PersistenceUnitInfo [name: default]
2025-01-29T12:05:33.585+05:00  INFO 17948 --- [pos] [main] org.hibernate.Version                    : HHH000412: Hibernate ORM core version 6.6.5.Final
2025-01-29T12:05:33.732+05:00  INFO 17948 --- [pos] [main] o.h.c.internal.RegionFactoryInitiator    : HHH000026: Second-level cache disabled
2025-01-29T12:05:34.887+05:00  INFO 17948 --- [pos] [main] o.s.o.j.p.SpringPersistenceUnitInfo      : No LoadTimeWeaver setup: ignoring JPA class transformer
2025-01-29T12:05:35.169+05:00  INFO 17948 --- [pos] [main] org.hibernate.orm.connections.pooling    : HHH10001005: Database info:
	Database JDBC URL [Connecting through datasource 'HikariDataSource (HikariPool-1)']
	Database driver: undefined/unknown
	Database version: 16.3
	Autocommit mode: undefined/unknown
	Isolation level: undefined/unknown
	Minimum pool size: undefined/unknown
	Maximum pool size: undefined/unknown
2025-01-29T12:05:38.134+05:00  INFO 17948 --- [pos] [main] o.h.e.t.j.p.i.JtaPlatformInitiator       : HHH000489: No JTA platform available (set 'hibernate.transaction.jta.platform' to enable JTA platform integration)
2025-01-29T12:05:38.143+05:00  INFO 17948 --- [pos] [main] j.LocalContainerEntityManagerFactoryBean : Initialized JPA EntityManagerFactory for persistence unit 'default'
2025-01-29T12:05:39.915+05:00  INFO 17948 --- [pos] [main] dev.ali.pos.PosApplication               : Inside PostConstruct simulate
2025-01-29T12:05:39.915+05:00  INFO 17948 --- [pos] [main] dev.ali.pos.PosApplication               : Starting simulate sales service...
2025-01-29T12:05:40.142+05:00  INFO 17948 --- [pos] [main] dev.ali.pos.service.SalesService         : Selected item1 price -> 100.0
2025-01-29T12:05:40.149+05:00  INFO 17948 --- [pos] [main] dev.ali.pos.service.SalesService         : Selected item2 price -> 120.0
2025-01-29T12:05:40.153+05:00  INFO 17948 --- [pos] [main] dev.ali.pos.service.SalesService         : Selected item3 price -> 130.0
2025-01-29T12:05:40.153+05:00  INFO 17948 --- [pos] [main] dev.ali.pos.service.SalesService         : Entering inside createOrder method in SalesService class...
2025-01-29T12:05:40.157+05:00  INFO 17948 --- [pos] [main] dev.ali.pos.service.SalesService         : Total number of items -> 6
2025-01-29T12:05:40.167+05:00  INFO 17948 --- [pos] [main] dev.ali.pos.service.SalesService         : itemTotalPrice -> 190.0
2025-01-29T12:05:40.168+05:00  INFO 17948 --- [pos] [main] dev.ali.pos.service.SalesService         : itemTotalPrice -> 228.0
2025-01-29T12:05:40.168+05:00  INFO 17948 --- [pos] [main] dev.ali.pos.service.SalesService         : itemTotalPrice -> 247.0
2025-01-29T12:05:40.169+05:00  INFO 17948 --- [pos] [main] dev.ali.pos.service.SalesService         : total -> 665.0
2025-01-29T12:05:40.169+05:00  INFO 17948 --- [pos] [main] dev.ali.pos.service.SalesService         : Sub-total -> 665.0
2025-01-29T12:05:40.170+05:00  INFO 17948 --- [pos] [main] dev.ali.pos.service.SalesService         : Netpayable -> 666.0
2025-01-29T12:05:40.170+05:00  INFO 17948 --- [pos] [main] dev.ali.pos.service.SalesService         : Received amount -> 1000.0
2025-01-29T12:05:40.171+05:00  INFO 17948 --- [pos] [main] dev.ali.pos.service.SalesService         : Change due -> 334.0
2025-01-29T12:05:40.171+05:00  INFO 17948 --- [pos] [main] dev.ali.pos.service.SalesService         : Entering checkout...
2025-01-29T12:05:40.229+05:00  WARN 17948 --- [pos] [main] o.h.engine.jdbc.spi.SqlExceptionHelper   : SQL Error: 0, SQLState: 23502
2025-01-29T12:05:40.230+05:00 ERROR 17948 --- [pos] [main] o.h.engine.jdbc.spi.SqlExceptionHelper   : ERROR: null value in column "quantity" of relation "transactions" violates not-null constraint
  Detail: Failing row contains (31, 11, null, 665, 666, 1, 1000, 334, 2025-01-29 12:05:40.057728).
2025-01-29T12:05:40.243+05:00 ERROR 17948 --- [pos] [main] dev.ali.pos.service.SalesService         : could not execute statement [ERROR: null value in column "quantity" of relation "transactions" violates not-null constraint
  Detail: Failing row contains (31, 11, null, 665, 666, 1, 1000, 334, 2025-01-29 12:05:40.057728).] [insert into transactions (cashier_id,change_due,net_payable,received_amount,service_fee,sub_total) values (?,?,?,?,?,?)]; SQL [insert into transactions (cashier_id,change_due,net_payable,received_amount,service_fee,sub_total) values (?,?,?,?,?,?)]; constraint [quantity" of relation "transactions]
2025-01-29T12:05:40.243+05:00  INFO 17948 --- [pos] [main] dev.ali.pos.service.SalesService         : Leaving checkout...
2025-01-29T12:05:40.243+05:00  INFO 17948 --- [pos] [main] dev.ali.pos.service.InvoiceService       : Printing Invoice...
2025-01-29T12:05:40.260+05:00  INFO 17948 --- [pos] [main] dev.ali.pos.service.SalesService         : Change due -> 334.0
2025-01-29T12:05:40.268+05:00  WARN 17948 --- [pos] [main] ConfigServletWebServerApplicationContext : Exception encountered during context initialization - cancelling refresh attempt: org.springframework.beans.factory.BeanCreationException: Error creating bean with name 'posApplication': Invocation of init method failed
2025-01-29T12:05:40.277+05:00  INFO 17948 --- [pos] [main] j.LocalContainerEntityManagerFactoryBean : Closing JPA EntityManagerFactory for persistence unit 'default'
2025-01-29T12:05:40.287+05:00  INFO 17948 --- [pos] [main] com.zaxxer.hikari.HikariDataSource       : HikariPool-1 - Shutdown initiated...
2025-01-29T12:05:40.305+05:00  INFO 17948 --- [pos] [main] com.zaxxer.hikari.HikariDataSource       : HikariPool-1 - Shutdown completed.
2025-01-29T12:05:40.311+05:00  INFO 17948 --- [pos] [main] o.apache.catalina.core.StandardService   : Stopping service [Tomcat]
2025-01-29T12:05:40.359+05:00  INFO 17948 --- [pos] [main] .s.b.a.l.ConditionEvaluationReportLogger : 

Error starting ApplicationContext. To display the condition evaluation report re-run your application with 'debug' enabled.
2025-01-29T12:05:40.432+05:00 ERROR 17948 --- [pos] [main] o.s.boot.SpringApplication               : Application run failed

org.springframework.beans.factory.BeanCreationException: Error creating bean with name 'posApplication': Invocation of init method failed
	at org.springframework.beans.factory.annotation.InitDestroyAnnotationBeanPostProcessor.postProcessBeforeInitialization(InitDestroyAnnotationBeanPostProcessor.java:222) ~[spring-beans-6.2.2.jar:6.2.2]
	at org.springframework.beans.factory.support.AbstractAutowireCapableBeanFactory.applyBeanPostProcessorsBeforeInitialization(AbstractAutowireCapableBeanFactory.java:423) ~[spring-beans-6.2.2.jar:6.2.2]
	at org.springframework.beans.factory.support.AbstractAutowireCapableBeanFactory.initializeBean(AbstractAutowireCapableBeanFactory.java:1804) ~[spring-beans-6.2.2.jar:6.2.2]
	at org.springframework.beans.factory.support.AbstractAutowireCapableBeanFactory.doCreateBean(AbstractAutowireCapableBeanFactory.java:601) ~[spring-beans-6.2.2.jar:6.2.2]
	at org.springframework.beans.factory.support.AbstractAutowireCapableBeanFactory.createBean(AbstractAutowireCapableBeanFactory.java:523) ~[spring-beans-6.2.2.jar:6.2.2]
	at org.springframework.beans.factory.support.AbstractBeanFactory.lambda$doGetBean$0(AbstractBeanFactory.java:336) ~[spring-beans-6.2.2.jar:6.2.2]
	at org.springframework.beans.factory.support.DefaultSingletonBeanRegistry.getSingleton(DefaultSingletonBeanRegistry.java:307) ~[spring-beans-6.2.2.jar:6.2.2]
	at org.springframework.beans.factory.support.AbstractBeanFactory.doGetBean(AbstractBeanFactory.java:334) ~[spring-beans-6.2.2.jar:6.2.2]
	at org.springframework.beans.factory.support.AbstractBeanFactory.getBean(AbstractBeanFactory.java:199) ~[spring-beans-6.2.2.jar:6.2.2]
	at org.springframework.beans.factory.support.DefaultListableBeanFactory.instantiateSingleton(DefaultListableBeanFactory.java:1122) ~[spring-beans-6.2.2.jar:6.2.2]
	at org.springframework.beans.factory.support.DefaultListableBeanFactory.preInstantiateSingleton(DefaultListableBeanFactory.java:1093) ~[spring-beans-6.2.2.jar:6.2.2]
	at org.springframework.beans.factory.support.DefaultListableBeanFactory.preInstantiateSingletons(DefaultListableBeanFactory.java:1030) ~[spring-beans-6.2.2.jar:6.2.2]
	at org.springframework.context.support.AbstractApplicationContext.finishBeanFactoryInitialization(AbstractApplicationContext.java:987) ~[spring-context-6.2.2.jar:6.2.2]
	at org.springframework.context.support.AbstractApplicationContext.refresh(AbstractApplicationContext.java:627) ~[spring-context-6.2.2.jar:6.2.2]
	at org.springframework.boot.web.servlet.context.ServletWebServerApplicationContext.refresh(ServletWebServerApplicationContext.java:146) ~[spring-boot-3.4.2.jar:3.4.2]
	at org.springframework.boot.SpringApplication.refresh(SpringApplication.java:752) ~[spring-boot-3.4.2.jar:3.4.2]
	at org.springframework.boot.SpringApplication.refreshContext(SpringApplication.java:439) ~[spring-boot-3.4.2.jar:3.4.2]
	at org.springframework.boot.SpringApplication.run(SpringApplication.java:318) ~[spring-boot-3.4.2.jar:3.4.2]
	at org.springframework.boot.SpringApplication.run(SpringApplication.java:1361) ~[spring-boot-3.4.2.jar:3.4.2]
	at org.springframework.boot.SpringApplication.run(SpringApplication.java:1350) ~[spring-boot-3.4.2.jar:3.4.2]
	at dev.ali.pos.PosApplication.main(PosApplication.java:45) ~[classes/:na]
Caused by: org.springframework.transaction.UnexpectedRollbackException: Transaction silently rolled back because it has been marked as rollback-only
	at org.springframework.transaction.support.AbstractPlatformTransactionManager.processCommit(AbstractPlatformTransactionManager.java:804) ~[spring-tx-6.2.2.jar:6.2.2]
	at org.springframework.transaction.support.AbstractPlatformTransactionManager.commit(AbstractPlatformTransactionManager.java:758) ~[spring-tx-6.2.2.jar:6.2.2]
	at org.springframework.transaction.interceptor.TransactionAspectSupport.commitTransactionAfterReturning(TransactionAspectSupport.java:698) ~[spring-tx-6.2.2.jar:6.2.2]
	at org.springframework.transaction.interceptor.TransactionAspectSupport.invokeWithinTransaction(TransactionAspectSupport.java:416) ~[spring-tx-6.2.2.jar:6.2.2]
	at org.springframework.transaction.interceptor.TransactionInterceptor.invoke(TransactionInterceptor.java:119) ~[spring-tx-6.2.2.jar:6.2.2]
	at org.springframework.aop.framework.ReflectiveMethodInvocation.proceed(ReflectiveMethodInvocation.java:184) ~[spring-aop-6.2.2.jar:6.2.2]
	at org.springframework.aop.framework.CglibAopProxy$DynamicAdvisedInterceptor.intercept(CglibAopProxy.java:727) ~[spring-aop-6.2.2.jar:6.2.2]
	at dev.ali.pos.service.SalesService$$SpringCGLIB$$0.simulateSales(<generated>) ~[classes/:na]
	at dev.ali.pos.PosApplication.simulate(PosApplication.java:52) ~[classes/:na]
	at java.base/jdk.internal.reflect.DirectMethodHandleAccessor.invoke(DirectMethodHandleAccessor.java:103) ~[na:na]
	at java.base/java.lang.reflect.Method.invoke(Method.java:580) ~[na:na]
	at org.springframework.beans.factory.annotation.InitDestroyAnnotationBeanPostProcessor$LifecycleMethod.invoke(InitDestroyAnnotationBeanPostProcessor.java:457) ~[spring-beans-6.2.2.jar:6.2.2]
	at org.springframework.beans.factory.annotation.InitDestroyAnnotationBeanPostProcessor$LifecycleMetadata.invokeInitMethods(InitDestroyAnnotationBeanPostProcessor.java:401) ~[spring-beans-6.2.2.jar:6.2.2]
	at org.springframework.beans.factory.annotation.InitDestroyAnnotationBeanPostProcessor.postProcessBeforeInitialization(InitDestroyAnnotationBeanPostProcessor.java:219) ~[spring-beans-6.2.2.jar:6.2.2]
	... 20 common frames omitted

2025-01-29T12:09:34.481+05:00  INFO 21316 --- [pos] [main] dev.ali.pos.PosApplication               : Starting PosApplication using Java 22.0.2 with PID 21316 (D:\Projects\pos\target\classes started by Administrator in D:\Projects\pos)
2025-01-29T12:09:34.485+05:00  INFO 21316 --- [pos] [main] dev.ali.pos.PosApplication               : The following 1 profile is active: "dev"
2025-01-29T12:09:37.823+05:00  INFO 21316 --- [pos] [main] .s.d.r.c.RepositoryConfigurationDelegate : Bootstrapping Spring Data JPA repositories in DEFAULT mode.
2025-01-29T12:09:38.227+05:00  INFO 21316 --- [pos] [main] .s.d.r.c.RepositoryConfigurationDelegate : Finished Spring Data repository scanning in 374 ms. Found 9 JPA repository interfaces.
2025-01-29T12:09:40.120+05:00  INFO 21316 --- [pos] [main] o.s.b.w.embedded.tomcat.TomcatWebServer  : Tomcat initialized with port 8080 (http)
2025-01-29T12:09:40.171+05:00  INFO 21316 --- [pos] [main] o.apache.catalina.core.StandardService   : Starting service [Tomcat]
2025-01-29T12:09:40.172+05:00  INFO 21316 --- [pos] [main] o.apache.catalina.core.StandardEngine    : Starting Servlet engine: [Apache Tomcat/10.1.34]
2025-01-29T12:09:40.348+05:00  INFO 21316 --- [pos] [main] o.a.c.c.C.[Tomcat].[localhost].[/]       : Initializing Spring embedded WebApplicationContext
2025-01-29T12:09:40.350+05:00  INFO 21316 --- [pos] [main] w.s.c.ServletWebServerApplicationContext : Root WebApplicationContext: initialization completed in 5711 ms
2025-01-29T12:09:40.666+05:00  INFO 21316 --- [pos] [main] com.zaxxer.hikari.HikariDataSource       : HikariPool-1 - Starting...
2025-01-29T12:09:41.267+05:00  INFO 21316 --- [pos] [main] com.zaxxer.hikari.pool.HikariPool        : HikariPool-1 - Added connection org.postgresql.jdbc.PgConnection@66749eea
2025-01-29T12:09:41.272+05:00  INFO 21316 --- [pos] [main] com.zaxxer.hikari.HikariDataSource       : HikariPool-1 - Start completed.
2025-01-29T12:09:41.634+05:00  INFO 21316 --- [pos] [main] o.hibernate.jpa.internal.util.LogHelper  : HHH000204: Processing PersistenceUnitInfo [name: default]
2025-01-29T12:09:42.021+05:00  INFO 21316 --- [pos] [main] org.hibernate.Version                    : HHH000412: Hibernate ORM core version 6.6.5.Final
2025-01-29T12:09:42.271+05:00  INFO 21316 --- [pos] [main] o.h.c.internal.RegionFactoryInitiator    : HHH000026: Second-level cache disabled
2025-01-29T12:09:43.814+05:00  INFO 21316 --- [pos] [main] o.s.o.j.p.SpringPersistenceUnitInfo      : No LoadTimeWeaver setup: ignoring JPA class transformer
2025-01-29T12:09:44.173+05:00  INFO 21316 --- [pos] [main] org.hibernate.orm.connections.pooling    : HHH10001005: Database info:
	Database JDBC URL [Connecting through datasource 'HikariDataSource (HikariPool-1)']
	Database driver: undefined/unknown
	Database version: 16.3
	Autocommit mode: undefined/unknown
	Isolation level: undefined/unknown
	Minimum pool size: undefined/unknown
	Maximum pool size: undefined/unknown
2025-01-29T12:09:47.070+05:00  INFO 21316 --- [pos] [main] o.h.e.t.j.p.i.JtaPlatformInitiator       : HHH000489: No JTA platform available (set 'hibernate.transaction.jta.platform' to enable JTA platform integration)
2025-01-29T12:09:47.078+05:00  INFO 21316 --- [pos] [main] j.LocalContainerEntityManagerFactoryBean : Initialized JPA EntityManagerFactory for persistence unit 'default'
2025-01-29T12:09:49.230+05:00  INFO 21316 --- [pos] [main] dev.ali.pos.PosApplication               : Inside PostConstruct simulate
2025-01-29T12:09:49.231+05:00  INFO 21316 --- [pos] [main] dev.ali.pos.PosApplication               : Starting simulate sales service...
2025-01-29T12:09:49.527+05:00  INFO 21316 --- [pos] [main] dev.ali.pos.service.SalesService         : Selected item1 price -> 100.0
2025-01-29T12:09:49.531+05:00  INFO 21316 --- [pos] [main] dev.ali.pos.service.SalesService         : Selected item2 price -> 120.0
2025-01-29T12:09:49.535+05:00  INFO 21316 --- [pos] [main] dev.ali.pos.service.SalesService         : Selected item3 price -> 130.0
2025-01-29T12:09:49.535+05:00  INFO 21316 --- [pos] [main] dev.ali.pos.service.SalesService         : Entering inside createOrder method in SalesService class...
2025-01-29T12:09:49.538+05:00  INFO 21316 --- [pos] [main] dev.ali.pos.service.SalesService         : Total number of items -> 6
2025-01-29T12:09:49.546+05:00  INFO 21316 --- [pos] [main] dev.ali.pos.service.SalesService         : itemTotalPrice -> 190.0
2025-01-29T12:09:49.546+05:00  INFO 21316 --- [pos] [main] dev.ali.pos.service.SalesService         : itemTotalPrice -> 228.0
2025-01-29T12:09:49.546+05:00  INFO 21316 --- [pos] [main] dev.ali.pos.service.SalesService         : itemTotalPrice -> 247.0
2025-01-29T12:09:49.547+05:00  INFO 21316 --- [pos] [main] dev.ali.pos.service.SalesService         : total -> 665.0
2025-01-29T12:09:49.547+05:00  INFO 21316 --- [pos] [main] dev.ali.pos.service.SalesService         : Sub-total -> 665.0
2025-01-29T12:09:49.547+05:00  INFO 21316 --- [pos] [main] dev.ali.pos.service.SalesService         : Netpayable -> 666.0
2025-01-29T12:09:49.548+05:00  INFO 21316 --- [pos] [main] dev.ali.pos.service.SalesService         : Received amount -> 1000.0
2025-01-29T12:09:49.548+05:00  INFO 21316 --- [pos] [main] dev.ali.pos.service.SalesService         : Change due -> 334.0
2025-01-29T12:09:49.548+05:00  INFO 21316 --- [pos] [main] dev.ali.pos.service.SalesService         : Entering checkout...
2025-01-29T12:09:49.622+05:00  INFO 21316 --- [pos] [main] dev.ali.pos.service.SalesService         : Order1 id -> 37
2025-01-29T12:09:49.641+05:00  INFO 21316 --- [pos] [main] dev.ali.pos.service.SalesService         : Leaving checkout...
2025-01-29T12:09:49.641+05:00  INFO 21316 --- [pos] [main] dev.ali.pos.service.InvoiceService       : Printing Invoice...
2025-01-29T12:09:49.670+05:00  INFO 21316 --- [pos] [main] dev.ali.pos.service.SalesService         : Change due -> 334.0
2025-01-29T12:09:49.893+05:00  WARN 21316 --- [pos] [main] JpaBaseConfiguration$JpaWebConfiguration : spring.jpa.open-in-view is enabled by default. Therefore, database queries may be performed during view rendering. Explicitly configure spring.jpa.open-in-view to disable this warning
2025-01-29T12:09:51.035+05:00  INFO 21316 --- [pos] [main] o.s.b.w.embedded.tomcat.TomcatWebServer  : Tomcat started on port 8080 (http) with context path '/'
2025-01-29T12:09:51.068+05:00  INFO 21316 --- [pos] [main] dev.ali.pos.PosApplication               : Started PosApplication in 18.766 seconds (process running for 20.592)
2025-01-29T12:10:09.907+05:00  INFO 21316 --- [pos] [SpringApplicationShutdownHook] o.s.b.w.e.tomcat.GracefulShutdown        : Commencing graceful shutdown. Waiting for active requests to complete
2025-01-29T12:10:09.926+05:00  INFO 21316 --- [pos] [tomcat-shutdown] o.s.b.w.e.tomcat.GracefulShutdown        : Graceful shutdown complete
2025-01-29T12:10:09.935+05:00  INFO 21316 --- [pos] [SpringApplicationShutdownHook] j.LocalContainerEntityManagerFactoryBean : Closing JPA EntityManagerFactory for persistence unit 'default'
2025-01-29T12:10:09.943+05:00  INFO 21316 --- [pos] [SpringApplicationShutdownHook] com.zaxxer.hikari.HikariDataSource       : HikariPool-1 - Shutdown initiated...
2025-01-29T12:10:09.966+05:00  INFO 21316 --- [pos] [SpringApplicationShutdownHook] com.zaxxer.hikari.HikariDataSource       : HikariPool-1 - Shutdown completed.
2025-01-29T12:10:28.950+05:00  INFO 736 --- [pos] [main] dev.ali.pos.PosApplicationTests          : Starting PosApplicationTests using Java 22.0.2 with PID 736 (started by Administrator in D:\Projects\pos)
2025-01-29T12:10:28.954+05:00  INFO 736 --- [pos] [main] dev.ali.pos.PosApplicationTests          : The following 1 profile is active: "dev"
2025-01-29T12:10:31.552+05:00  INFO 736 --- [pos] [main] .s.d.r.c.RepositoryConfigurationDelegate : Bootstrapping Spring Data JPA repositories in DEFAULT mode.
2025-01-29T12:10:31.890+05:00  INFO 736 --- [pos] [main] .s.d.r.c.RepositoryConfigurationDelegate : Finished Spring Data repository scanning in 298 ms. Found 9 JPA repository interfaces.
2025-01-29T12:10:32.502+05:00  INFO 736 --- [pos] [main] dev.ali.pos.PosApplication               : POS application initialization...
2025-01-29T12:10:34.802+05:00  INFO 736 --- [pos] [main] com.zaxxer.hikari.HikariDataSource       : HikariPool-1 - Starting...
2025-01-29T12:10:35.875+05:00  INFO 736 --- [pos] [main] com.zaxxer.hikari.pool.HikariPool        : HikariPool-1 - Added connection org.postgresql.jdbc.PgConnection@2c0c4c0a
2025-01-29T12:10:35.881+05:00  INFO 736 --- [pos] [main] com.zaxxer.hikari.HikariDataSource       : HikariPool-1 - Start completed.
2025-01-29T12:10:36.446+05:00  INFO 736 --- [pos] [main] o.hibernate.jpa.internal.util.LogHelper  : HHH000204: Processing PersistenceUnitInfo [name: default]
2025-01-29T12:10:36.766+05:00  INFO 736 --- [pos] [main] org.hibernate.Version                    : HHH000412: Hibernate ORM core version 6.6.5.Final
2025-01-29T12:10:36.951+05:00  INFO 736 --- [pos] [main] o.h.c.internal.RegionFactoryInitiator    : HHH000026: Second-level cache disabled
2025-01-29T12:10:38.138+05:00  INFO 736 --- [pos] [main] o.s.o.j.p.SpringPersistenceUnitInfo      : No LoadTimeWeaver setup: ignoring JPA class transformer
2025-01-29T12:10:38.601+05:00  INFO 736 --- [pos] [main] org.hibernate.orm.connections.pooling    : HHH10001005: Database info:
	Database JDBC URL [Connecting through datasource 'HikariDataSource (HikariPool-1)']
	Database driver: undefined/unknown
	Database version: 16.3
	Autocommit mode: undefined/unknown
	Isolation level: undefined/unknown
	Minimum pool size: undefined/unknown
	Maximum pool size: undefined/unknown
2025-01-29T12:10:41.530+05:00  INFO 736 --- [pos] [main] o.h.e.t.j.p.i.JtaPlatformInitiator       : HHH000489: No JTA platform available (set 'hibernate.transaction.jta.platform' to enable JTA platform integration)
2025-01-29T12:10:41.539+05:00  INFO 736 --- [pos] [main] j.LocalContainerEntityManagerFactoryBean : Initialized JPA EntityManagerFactory for persistence unit 'default'
2025-01-29T12:10:43.614+05:00  INFO 736 --- [pos] [main] dev.ali.pos.PosApplication               : Inside PostConstruct simulate
2025-01-29T12:10:43.614+05:00  INFO 736 --- [pos] [main] dev.ali.pos.PosApplication               : Starting simulate sales service...
2025-01-29T12:10:43.930+05:00  INFO 736 --- [pos] [main] dev.ali.pos.service.SalesService         : Selected item1 price -> 100.0
2025-01-29T12:10:43.936+05:00  INFO 736 --- [pos] [main] dev.ali.pos.service.SalesService         : Selected item2 price -> 120.0
2025-01-29T12:10:43.940+05:00  INFO 736 --- [pos] [main] dev.ali.pos.service.SalesService         : Selected item3 price -> 130.0
2025-01-29T12:10:43.941+05:00  INFO 736 --- [pos] [main] dev.ali.pos.service.SalesService         : Entering inside createOrder method in SalesService class...
2025-01-29T12:10:43.945+05:00  INFO 736 --- [pos] [main] dev.ali.pos.service.SalesService         : Total number of items -> 6
2025-01-29T12:10:43.953+05:00  INFO 736 --- [pos] [main] dev.ali.pos.service.SalesService         : itemTotalPrice -> 190.0
2025-01-29T12:10:43.954+05:00  INFO 736 --- [pos] [main] dev.ali.pos.service.SalesService         : itemTotalPrice -> 228.0
2025-01-29T12:10:43.955+05:00  INFO 736 --- [pos] [main] dev.ali.pos.service.SalesService         : itemTotalPrice -> 247.0
2025-01-29T12:10:43.956+05:00  INFO 736 --- [pos] [main] dev.ali.pos.service.SalesService         : total -> 665.0
2025-01-29T12:10:43.957+05:00  INFO 736 --- [pos] [main] dev.ali.pos.service.SalesService         : Sub-total -> 665.0
2025-01-29T12:10:43.958+05:00  INFO 736 --- [pos] [main] dev.ali.pos.service.SalesService         : Netpayable -> 666.0
2025-01-29T12:10:43.959+05:00  INFO 736 --- [pos] [main] dev.ali.pos.service.SalesService         : Received amount -> 1000.0
2025-01-29T12:10:43.960+05:00  INFO 736 --- [pos] [main] dev.ali.pos.service.SalesService         : Change due -> 334.0
2025-01-29T12:10:43.961+05:00  INFO 736 --- [pos] [main] dev.ali.pos.service.SalesService         : Entering checkout...
2025-01-29T12:10:44.077+05:00  INFO 736 --- [pos] [main] dev.ali.pos.service.SalesService         : Order1 id -> 38
2025-01-29T12:10:44.102+05:00  INFO 736 --- [pos] [main] dev.ali.pos.service.SalesService         : Leaving checkout...
2025-01-29T12:10:44.103+05:00  INFO 736 --- [pos] [main] dev.ali.pos.service.InvoiceService       : Printing Invoice...
2025-01-29T12:10:44.136+05:00  INFO 736 --- [pos] [main] dev.ali.pos.service.SalesService         : Change due -> 334.0
2025-01-29T12:10:44.979+05:00  WARN 736 --- [pos] [main] JpaBaseConfiguration$JpaWebConfiguration : spring.jpa.open-in-view is enabled by default. Therefore, database queries may be performed during view rendering. Explicitly configure spring.jpa.open-in-view to disable this warning
2025-01-29T12:10:46.839+05:00  INFO 736 --- [pos] [main] dev.ali.pos.PosApplicationTests          : Started PosApplicationTests in 19.262 seconds (process running for 22.029)
2025-01-29T12:10:47.973+05:00  INFO 736 --- [pos] [main] dev.ali.pos.service.CashierService       : First name -> Ali Last name -> Tariq email -> alibabapk@aol.com phone -> Shalamar link road gender -> m username -> alibaba_user
2025-01-29T12:10:48.003+05:00  INFO 736 --- [pos] [main] dev.ali.pos.PosApplicationTests          : New manager created ->dev.ali.pos.entity.Cashier@125ace20
2025-01-29T12:10:48.048+05:00  INFO 736 --- [pos] [main] dev.ali.pos.service.ManagerService       : First name -> Ali Last name -> Tariq email -> alibabapk@aol.com phone -> Shalamar link road gender -> m username -> alibaba_manager
2025-01-29T12:10:48.057+05:00  INFO 736 --- [pos] [main] dev.ali.pos.PosApplicationTests          : New manager created ->dev.ali.pos.entity.Manager@6ad2cb6d
2025-01-29T12:10:48.076+05:00  INFO 736 --- [pos] [main] dev.ali.pos.service.SalesService         : Selected item1 price -> 100.0
2025-01-29T12:10:48.080+05:00  INFO 736 --- [pos] [main] dev.ali.pos.service.SalesService         : Selected item2 price -> 120.0
2025-01-29T12:10:48.083+05:00  INFO 736 --- [pos] [main] dev.ali.pos.service.SalesService         : Selected item3 price -> 130.0
2025-01-29T12:10:48.089+05:00  INFO 736 --- [pos] [main] dev.ali.pos.service.SalesService         : itemTotalPrice -> 190.0
2025-01-29T12:10:48.089+05:00  INFO 736 --- [pos] [main] dev.ali.pos.service.SalesService         : itemTotalPrice -> 228.0
2025-01-29T12:10:48.090+05:00  INFO 736 --- [pos] [main] dev.ali.pos.service.SalesService         : itemTotalPrice -> 247.0
2025-01-29T12:10:48.090+05:00  INFO 736 --- [pos] [main] dev.ali.pos.service.SalesService         : total -> 665.0
2025-01-29T12:10:48.091+05:00  INFO 736 --- [pos] [main] dev.ali.pos.PosApplicationTests          : total -> 665.0
2025-01-29T12:10:48.110+05:00  INFO 736 --- [pos] [main] dev.ali.pos.service.AdminService         : First name -> Ali Last name -> Tariq username -> alibaba_admin
2025-01-29T12:10:48.122+05:00  INFO 736 --- [pos] [main] dev.ali.pos.PosApplicationTests          : New manager created ->dev.ali.pos.entity.Admin@13157620
2025-01-29T12:10:48.144+05:00  INFO 736 --- [pos] [main] dev.ali.pos.service.SalesService         : Selected item1 price -> 100.0
2025-01-29T12:10:48.146+05:00  INFO 736 --- [pos] [main] dev.ali.pos.service.SalesService         : Selected item2 price -> 120.0
2025-01-29T12:10:48.149+05:00  INFO 736 --- [pos] [main] dev.ali.pos.service.SalesService         : Selected item3 price -> 130.0
2025-01-29T12:10:48.156+05:00  INFO 736 --- [pos] [main] dev.ali.pos.service.SalesService         : Entering inside createOrder method in SalesService class...
2025-01-29T12:10:48.157+05:00  INFO 736 --- [pos] [main] dev.ali.pos.service.SalesService         : Total number of items -> 6
2025-01-29T12:10:48.157+05:00  INFO 736 --- [pos] [main] dev.ali.pos.service.SalesService         : itemTotalPrice -> 190.0
2025-01-29T12:10:48.157+05:00  INFO 736 --- [pos] [main] dev.ali.pos.service.SalesService         : itemTotalPrice -> 228.0
2025-01-29T12:10:48.158+05:00  INFO 736 --- [pos] [main] dev.ali.pos.service.SalesService         : itemTotalPrice -> 247.0
2025-01-29T12:10:48.158+05:00  INFO 736 --- [pos] [main] dev.ali.pos.service.SalesService         : total -> 665.0
2025-01-29T12:10:48.175+05:00  INFO 736 --- [pos] [main] dev.ali.pos.service.SalesService         : Sub-total -> 665.0
2025-01-29T12:10:48.176+05:00  INFO 736 --- [pos] [main] dev.ali.pos.service.SalesService         : Netpayable -> 666.0
2025-01-29T12:10:48.176+05:00  INFO 736 --- [pos] [main] dev.ali.pos.service.SalesService         : Received amount -> 1000.0
2025-01-29T12:10:48.176+05:00  INFO 736 --- [pos] [main] dev.ali.pos.service.SalesService         : Change due -> 334.0
2025-01-29T12:10:48.177+05:00  INFO 736 --- [pos] [main] dev.ali.pos.service.SalesService         : Entering checkout...
2025-01-29T12:10:48.183+05:00  INFO 736 --- [pos] [main] dev.ali.pos.service.SalesService         : Order1 id -> 39
2025-01-29T12:10:48.194+05:00  INFO 736 --- [pos] [main] dev.ali.pos.service.SalesService         : Leaving checkout...
2025-01-29T12:10:48.195+05:00  INFO 736 --- [pos] [main] dev.ali.pos.service.InvoiceService       : Printing Invoice...
2025-01-29T12:10:48.209+05:00  INFO 736 --- [pos] [main] dev.ali.pos.PosApplicationTests          : Change due -> 334.0
2025-01-29T12:10:48.259+05:00  INFO 736 --- [pos] [main] dev.ali.pos.service.SalesService         : Selected item1 price -> 100.0
2025-01-29T12:10:48.262+05:00  INFO 736 --- [pos] [main] dev.ali.pos.service.SalesService         : Selected item2 price -> 120.0
2025-01-29T12:10:48.265+05:00  INFO 736 --- [pos] [main] dev.ali.pos.service.SalesService         : Selected item3 price -> 130.0
2025-01-29T12:10:48.622+05:00  INFO 736 --- [pos] [SpringApplicationShutdownHook] j.LocalContainerEntityManagerFactoryBean : Closing JPA EntityManagerFactory for persistence unit 'default'
2025-01-29T12:10:48.626+05:00  INFO 736 --- [pos] [SpringApplicationShutdownHook] com.zaxxer.hikari.HikariDataSource       : HikariPool-1 - Shutdown initiated...
2025-01-29T12:10:48.644+05:00  INFO 736 --- [pos] [SpringApplicationShutdownHook] com.zaxxer.hikari.HikariDataSource       : HikariPool-1 - Shutdown completed.
2025-01-29T12:12:46.314+05:00  INFO 23504 --- [pos] [main] dev.ali.pos.PosApplicationTests          : Starting PosApplicationTests using Java 22.0.2 with PID 23504 (started by Administrator in D:\Projects\pos)
2025-01-29T12:12:46.319+05:00  INFO 23504 --- [pos] [main] dev.ali.pos.PosApplicationTests          : The following 1 profile is active: "dev"
2025-01-29T12:12:48.230+05:00  INFO 23504 --- [pos] [main] .s.d.r.c.RepositoryConfigurationDelegate : Bootstrapping Spring Data JPA repositories in DEFAULT mode.
2025-01-29T12:12:48.467+05:00  INFO 23504 --- [pos] [main] .s.d.r.c.RepositoryConfigurationDelegate : Finished Spring Data repository scanning in 212 ms. Found 9 JPA repository interfaces.
2025-01-29T12:12:48.979+05:00  INFO 23504 --- [pos] [main] dev.ali.pos.PosApplication               : POS application initialization...
2025-01-29T12:12:49.663+05:00  INFO 23504 --- [pos] [main] com.zaxxer.hikari.HikariDataSource       : HikariPool-1 - Starting...
2025-01-29T12:12:50.425+05:00  INFO 23504 --- [pos] [main] com.zaxxer.hikari.pool.HikariPool        : HikariPool-1 - Added connection org.postgresql.jdbc.PgConnection@319642db
2025-01-29T12:12:50.429+05:00  INFO 23504 --- [pos] [main] com.zaxxer.hikari.HikariDataSource       : HikariPool-1 - Start completed.
2025-01-29T12:12:50.773+05:00  INFO 23504 --- [pos] [main] o.hibernate.jpa.internal.util.LogHelper  : HHH000204: Processing PersistenceUnitInfo [name: default]
2025-01-29T12:12:51.118+05:00  INFO 23504 --- [pos] [main] org.hibernate.Version                    : HHH000412: Hibernate ORM core version 6.6.5.Final
2025-01-29T12:12:51.273+05:00  INFO 23504 --- [pos] [main] o.h.c.internal.RegionFactoryInitiator    : HHH000026: Second-level cache disabled
2025-01-29T12:12:52.423+05:00  INFO 23504 --- [pos] [main] o.s.o.j.p.SpringPersistenceUnitInfo      : No LoadTimeWeaver setup: ignoring JPA class transformer
2025-01-29T12:12:52.724+05:00  INFO 23504 --- [pos] [main] org.hibernate.orm.connections.pooling    : HHH10001005: Database info:
	Database JDBC URL [Connecting through datasource 'HikariDataSource (HikariPool-1)']
	Database driver: undefined/unknown
	Database version: 16.3
	Autocommit mode: undefined/unknown
	Isolation level: undefined/unknown
	Minimum pool size: undefined/unknown
	Maximum pool size: undefined/unknown
2025-01-29T12:12:56.043+05:00  INFO 23504 --- [pos] [main] o.h.e.t.j.p.i.JtaPlatformInitiator       : HHH000489: No JTA platform available (set 'hibernate.transaction.jta.platform' to enable JTA platform integration)
2025-01-29T12:12:56.054+05:00  INFO 23504 --- [pos] [main] j.LocalContainerEntityManagerFactoryBean : Initialized JPA EntityManagerFactory for persistence unit 'default'
2025-01-29T12:12:58.427+05:00  INFO 23504 --- [pos] [main] dev.ali.pos.PosApplication               : Inside PostConstruct simulate
2025-01-29T12:12:58.428+05:00  INFO 23504 --- [pos] [main] dev.ali.pos.PosApplication               : Starting simulate sales service...
2025-01-29T12:12:58.668+05:00  INFO 23504 --- [pos] [main] dev.ali.pos.service.SalesService         : Selected item1 price -> 100.0
2025-01-29T12:12:58.673+05:00  INFO 23504 --- [pos] [main] dev.ali.pos.service.SalesService         : Selected item2 price -> 120.0
2025-01-29T12:12:58.677+05:00  INFO 23504 --- [pos] [main] dev.ali.pos.service.SalesService         : Selected item3 price -> 130.0
2025-01-29T12:12:58.678+05:00  INFO 23504 --- [pos] [main] dev.ali.pos.service.SalesService         : Entering inside createOrder method in SalesService class...
2025-01-29T12:12:58.682+05:00  INFO 23504 --- [pos] [main] dev.ali.pos.service.SalesService         : Total number of items -> 4
2025-01-29T12:12:58.692+05:00  INFO 23504 --- [pos] [main] dev.ali.pos.service.SalesService         : itemTotalPrice -> 190.0
2025-01-29T12:12:58.693+05:00  INFO 23504 --- [pos] [main] dev.ali.pos.service.SalesService         : itemTotalPrice -> 114.0
2025-01-29T12:12:58.694+05:00  INFO 23504 --- [pos] [main] dev.ali.pos.service.SalesService         : itemTotalPrice -> 123.5
2025-01-29T12:12:58.695+05:00  INFO 23504 --- [pos] [main] dev.ali.pos.service.SalesService         : total -> 427.5
2025-01-29T12:12:58.696+05:00  INFO 23504 --- [pos] [main] dev.ali.pos.service.SalesService         : Sub-total -> 427.5
2025-01-29T12:12:58.696+05:00  INFO 23504 --- [pos] [main] dev.ali.pos.service.SalesService         : Netpayable -> 428.5
2025-01-29T12:12:58.697+05:00  INFO 23504 --- [pos] [main] dev.ali.pos.service.SalesService         : Received amount -> 1000.0
2025-01-29T12:12:58.698+05:00  INFO 23504 --- [pos] [main] dev.ali.pos.service.SalesService         : Change due -> 571.5
2025-01-29T12:12:58.699+05:00  INFO 23504 --- [pos] [main] dev.ali.pos.service.SalesService         : Entering checkout...
2025-01-29T12:12:58.814+05:00  INFO 23504 --- [pos] [main] dev.ali.pos.service.SalesService         : Order1 id -> 40
2025-01-29T12:12:58.844+05:00  INFO 23504 --- [pos] [main] dev.ali.pos.service.SalesService         : Leaving checkout...
2025-01-29T12:12:58.845+05:00  INFO 23504 --- [pos] [main] dev.ali.pos.service.InvoiceService       : Printing Invoice...
2025-01-29T12:12:58.871+05:00  INFO 23504 --- [pos] [main] dev.ali.pos.service.SalesService         : Change due -> 571.5
2025-01-29T12:12:59.457+05:00  WARN 23504 --- [pos] [main] JpaBaseConfiguration$JpaWebConfiguration : spring.jpa.open-in-view is enabled by default. Therefore, database queries may be performed during view rendering. Explicitly configure spring.jpa.open-in-view to disable this warning
2025-01-29T12:13:02.108+05:00  INFO 23504 --- [pos] [main] dev.ali.pos.PosApplicationTests          : Started PosApplicationTests in 16.888 seconds (process running for 20.07)
2025-01-29T12:13:04.313+05:00  INFO 23504 --- [pos] [main] dev.ali.pos.service.CashierService       : First name -> Ali Last name -> Tariq email -> alibabapk@aol.com phone -> Shalamar link road gender -> m username -> alibaba_user
2025-01-29T12:13:04.340+05:00  INFO 23504 --- [pos] [main] dev.ali.pos.PosApplicationTests          : New manager created ->dev.ali.pos.entity.Cashier@7cd239f6
2025-01-29T12:13:04.390+05:00  INFO 23504 --- [pos] [main] dev.ali.pos.service.ManagerService       : First name -> Ali Last name -> Tariq email -> alibabapk@aol.com phone -> Shalamar link road gender -> m username -> alibaba_manager
2025-01-29T12:13:04.400+05:00  INFO 23504 --- [pos] [main] dev.ali.pos.PosApplicationTests          : New manager created ->dev.ali.pos.entity.Manager@30b5f974
2025-01-29T12:13:04.430+05:00  INFO 23504 --- [pos] [main] dev.ali.pos.service.SalesService         : Selected item1 price -> 100.0
2025-01-29T12:13:04.433+05:00  INFO 23504 --- [pos] [main] dev.ali.pos.service.SalesService         : Selected item2 price -> 120.0
2025-01-29T12:13:04.437+05:00  INFO 23504 --- [pos] [main] dev.ali.pos.service.SalesService         : Selected item3 price -> 130.0
2025-01-29T12:13:04.442+05:00  INFO 23504 --- [pos] [main] dev.ali.pos.service.SalesService         : itemTotalPrice -> 190.0
2025-01-29T12:13:04.442+05:00  INFO 23504 --- [pos] [main] dev.ali.pos.service.SalesService         : itemTotalPrice -> 114.0
2025-01-29T12:13:04.443+05:00  INFO 23504 --- [pos] [main] dev.ali.pos.service.SalesService         : itemTotalPrice -> 123.5
2025-01-29T12:13:04.443+05:00  INFO 23504 --- [pos] [main] dev.ali.pos.service.SalesService         : total -> 427.5
2025-01-29T12:13:04.444+05:00  INFO 23504 --- [pos] [main] dev.ali.pos.PosApplicationTests          : total -> 427.5
2025-01-29T12:13:04.487+05:00  INFO 23504 --- [pos] [main] dev.ali.pos.service.AdminService         : First name -> Ali Last name -> Tariq username -> alibaba_admin
2025-01-29T12:13:04.569+05:00  INFO 23504 --- [pos] [main] dev.ali.pos.PosApplicationTests          : New manager created ->dev.ali.pos.entity.Admin@5eb89000
2025-01-29T12:13:04.838+05:00  INFO 23504 --- [pos] [main] dev.ali.pos.service.SalesService         : Selected item1 price -> 100.0
2025-01-29T12:13:04.846+05:00  INFO 23504 --- [pos] [main] dev.ali.pos.service.SalesService         : Selected item2 price -> 120.0
2025-01-29T12:13:04.854+05:00  INFO 23504 --- [pos] [main] dev.ali.pos.service.SalesService         : Selected item3 price -> 130.0
2025-01-29T12:13:04.872+05:00  INFO 23504 --- [pos] [main] dev.ali.pos.service.SalesService         : Entering inside createOrder method in SalesService class...
2025-01-29T12:13:04.874+05:00  INFO 23504 --- [pos] [main] dev.ali.pos.service.SalesService         : Total number of items -> 4
2025-01-29T12:13:04.875+05:00  INFO 23504 --- [pos] [main] dev.ali.pos.service.SalesService         : itemTotalPrice -> 190.0
2025-01-29T12:13:04.876+05:00  INFO 23504 --- [pos] [main] dev.ali.pos.service.SalesService         : itemTotalPrice -> 114.0
2025-01-29T12:13:04.877+05:00  INFO 23504 --- [pos] [main] dev.ali.pos.service.SalesService         : itemTotalPrice -> 123.5
2025-01-29T12:13:04.879+05:00  INFO 23504 --- [pos] [main] dev.ali.pos.service.SalesService         : total -> 427.5
2025-01-29T12:13:04.881+05:00  INFO 23504 --- [pos] [main] dev.ali.pos.service.SalesService         : Sub-total -> 427.5
2025-01-29T12:13:04.882+05:00  INFO 23504 --- [pos] [main] dev.ali.pos.service.SalesService         : Netpayable -> 428.5
2025-01-29T12:13:04.883+05:00  INFO 23504 --- [pos] [main] dev.ali.pos.service.SalesService         : Received amount -> 1000.0
2025-01-29T12:13:04.884+05:00  INFO 23504 --- [pos] [main] dev.ali.pos.service.SalesService         : Change due -> 571.5
2025-01-29T12:13:04.885+05:00  INFO 23504 --- [pos] [main] dev.ali.pos.service.SalesService         : Entering checkout...
2025-01-29T12:13:04.902+05:00  INFO 23504 --- [pos] [main] dev.ali.pos.service.SalesService         : Order1 id -> 41
2025-01-29T12:13:04.935+05:00  INFO 23504 --- [pos] [main] dev.ali.pos.service.SalesService         : Leaving checkout...
2025-01-29T12:13:04.937+05:00  INFO 23504 --- [pos] [main] dev.ali.pos.service.InvoiceService       : Printing Invoice...
2025-01-29T12:13:05.013+05:00  INFO 23504 --- [pos] [main] dev.ali.pos.PosApplicationTests          : Change due -> 571.5
2025-01-29T12:13:05.501+05:00  INFO 23504 --- [pos] [main] dev.ali.pos.service.SalesService         : Selected item1 price -> 100.0
2025-01-29T12:13:05.510+05:00  INFO 23504 --- [pos] [main] dev.ali.pos.service.SalesService         : Selected item2 price -> 120.0
2025-01-29T12:13:05.526+05:00  INFO 23504 --- [pos] [main] dev.ali.pos.service.SalesService         : Selected item3 price -> 130.0
2025-01-29T12:13:06.381+05:00  INFO 23504 --- [pos] [SpringApplicationShutdownHook] j.LocalContainerEntityManagerFactoryBean : Closing JPA EntityManagerFactory for persistence unit 'default'
2025-01-29T12:13:06.387+05:00  INFO 23504 --- [pos] [SpringApplicationShutdownHook] com.zaxxer.hikari.HikariDataSource       : HikariPool-1 - Shutdown initiated...
2025-01-29T12:13:06.414+05:00  INFO 23504 --- [pos] [SpringApplicationShutdownHook] com.zaxxer.hikari.HikariDataSource       : HikariPool-1 - Shutdown completed.
2025-01-29T12:16:16.052+05:00  INFO 22740 --- [pos] [main] dev.ali.pos.PosApplicationTests          : Starting PosApplicationTests using Java 22.0.2 with PID 22740 (started by Administrator in D:\Projects\pos)
2025-01-29T12:16:16.058+05:00  INFO 22740 --- [pos] [main] dev.ali.pos.PosApplicationTests          : The following 1 profile is active: "dev"
2025-01-29T12:16:17.746+05:00  INFO 22740 --- [pos] [main] .s.d.r.c.RepositoryConfigurationDelegate : Bootstrapping Spring Data JPA repositories in DEFAULT mode.
2025-01-29T12:16:17.963+05:00  INFO 22740 --- [pos] [main] .s.d.r.c.RepositoryConfigurationDelegate : Finished Spring Data repository scanning in 193 ms. Found 9 JPA repository interfaces.
2025-01-29T12:16:18.384+05:00  INFO 22740 --- [pos] [main] dev.ali.pos.PosApplication               : POS application initialization...
2025-01-29T12:16:18.964+05:00  INFO 22740 --- [pos] [main] com.zaxxer.hikari.HikariDataSource       : HikariPool-1 - Starting...
2025-01-29T12:16:19.569+05:00  INFO 22740 --- [pos] [main] com.zaxxer.hikari.pool.HikariPool        : HikariPool-1 - Added connection org.postgresql.jdbc.PgConnection@ee21292
2025-01-29T12:16:19.573+05:00  INFO 22740 --- [pos] [main] com.zaxxer.hikari.HikariDataSource       : HikariPool-1 - Start completed.
2025-01-29T12:16:19.868+05:00  INFO 22740 --- [pos] [main] o.hibernate.jpa.internal.util.LogHelper  : HHH000204: Processing PersistenceUnitInfo [name: default]
2025-01-29T12:16:20.149+05:00  INFO 22740 --- [pos] [main] org.hibernate.Version                    : HHH000412: Hibernate ORM core version 6.6.5.Final
2025-01-29T12:16:20.292+05:00  INFO 22740 --- [pos] [main] o.h.c.internal.RegionFactoryInitiator    : HHH000026: Second-level cache disabled
2025-01-29T12:16:21.262+05:00  INFO 22740 --- [pos] [main] o.s.o.j.p.SpringPersistenceUnitInfo      : No LoadTimeWeaver setup: ignoring JPA class transformer
2025-01-29T12:16:21.564+05:00  INFO 22740 --- [pos] [main] org.hibernate.orm.connections.pooling    : HHH10001005: Database info:
	Database JDBC URL [Connecting through datasource 'HikariDataSource (HikariPool-1)']
	Database driver: undefined/unknown
	Database version: 16.3
	Autocommit mode: undefined/unknown
	Isolation level: undefined/unknown
	Minimum pool size: undefined/unknown
	Maximum pool size: undefined/unknown
2025-01-29T12:16:23.662+05:00  INFO 22740 --- [pos] [main] o.h.e.t.j.p.i.JtaPlatformInitiator       : HHH000489: No JTA platform available (set 'hibernate.transaction.jta.platform' to enable JTA platform integration)
2025-01-29T12:16:23.666+05:00  INFO 22740 --- [pos] [main] j.LocalContainerEntityManagerFactoryBean : Initialized JPA EntityManagerFactory for persistence unit 'default'
2025-01-29T12:16:24.729+05:00  INFO 22740 --- [pos] [main] dev.ali.pos.PosApplication               : Inside PostConstruct simulate
2025-01-29T12:16:24.730+05:00  INFO 22740 --- [pos] [main] dev.ali.pos.PosApplication               : Starting simulate sales service...
2025-01-29T12:16:24.914+05:00  INFO 22740 --- [pos] [main] dev.ali.pos.service.SalesService         : Selected item1 price -> 100.0
2025-01-29T12:16:24.920+05:00  INFO 22740 --- [pos] [main] dev.ali.pos.service.SalesService         : Selected item2 price -> 120.0
2025-01-29T12:16:24.924+05:00  INFO 22740 --- [pos] [main] dev.ali.pos.service.SalesService         : Selected item3 price -> 130.0
2025-01-29T12:16:24.925+05:00  INFO 22740 --- [pos] [main] dev.ali.pos.service.SalesService         : Entering inside createOrder method in SalesService class...
2025-01-29T12:16:24.928+05:00  INFO 22740 --- [pos] [main] dev.ali.pos.service.SalesService         : Total number of items -> 4
2025-01-29T12:16:24.937+05:00  INFO 22740 --- [pos] [main] dev.ali.pos.service.SalesService         : itemTotalPrice -> 190.0
2025-01-29T12:16:24.938+05:00  INFO 22740 --- [pos] [main] dev.ali.pos.service.SalesService         : itemTotalPrice -> 114.0
2025-01-29T12:16:24.938+05:00  INFO 22740 --- [pos] [main] dev.ali.pos.service.SalesService         : itemTotalPrice -> 123.5
2025-01-29T12:16:24.939+05:00  INFO 22740 --- [pos] [main] dev.ali.pos.service.SalesService         : total -> 427.5
2025-01-29T12:16:24.939+05:00  INFO 22740 --- [pos] [main] dev.ali.pos.service.SalesService         : Sub-total -> 427.5
2025-01-29T12:16:24.940+05:00  INFO 22740 --- [pos] [main] dev.ali.pos.service.SalesService         : Netpayable -> 428.5
2025-01-29T12:16:24.941+05:00  INFO 22740 --- [pos] [main] dev.ali.pos.service.SalesService         : Received amount -> 1000.0
2025-01-29T12:16:24.943+05:00  INFO 22740 --- [pos] [main] dev.ali.pos.service.SalesService         : Change due -> 571.5
2025-01-29T12:16:24.944+05:00  INFO 22740 --- [pos] [main] dev.ali.pos.service.SalesService         : Entering checkout...
2025-01-29T12:16:25.045+05:00  INFO 22740 --- [pos] [main] dev.ali.pos.service.SalesService         : Order1 id -> 42
2025-01-29T12:16:25.067+05:00  INFO 22740 --- [pos] [main] dev.ali.pos.service.SalesService         : Leaving checkout...
2025-01-29T12:16:25.067+05:00  INFO 22740 --- [pos] [main] dev.ali.pos.service.InvoiceService       : Printing Invoice...
2025-01-29T12:16:25.084+05:00  INFO 22740 --- [pos] [main] dev.ali.pos.service.SalesService         : Change due -> 571.5
2025-01-29T12:16:25.524+05:00  WARN 22740 --- [pos] [main] JpaBaseConfiguration$JpaWebConfiguration : spring.jpa.open-in-view is enabled by default. Therefore, database queries may be performed during view rendering. Explicitly configure spring.jpa.open-in-view to disable this warning
2025-01-29T12:16:26.328+05:00  INFO 22740 --- [pos] [main] dev.ali.pos.PosApplicationTests          : Started PosApplicationTests in 11.338 seconds (process running for 13.971)
2025-01-29T12:16:27.292+05:00  INFO 22740 --- [pos] [main] dev.ali.pos.service.CashierService       : First name -> Ali Last name -> Tariq email -> alibabapk@aol.com phone -> Shalamar link road gender -> m username -> alibaba_user
2025-01-29T12:16:27.323+05:00  INFO 22740 --- [pos] [main] dev.ali.pos.PosApplicationTests          : New manager created ->dev.ali.pos.entity.Cashier@184e5c44
2025-01-29T12:16:27.375+05:00  INFO 22740 --- [pos] [main] dev.ali.pos.service.ManagerService       : First name -> Ali Last name -> Tariq email -> alibabapk@aol.com phone -> Shalamar link road gender -> m username -> alibaba_manager
2025-01-29T12:16:27.387+05:00  INFO 22740 --- [pos] [main] dev.ali.pos.PosApplicationTests          : New manager created ->dev.ali.pos.entity.Manager@5dd79a57
2025-01-29T12:16:27.411+05:00  INFO 22740 --- [pos] [main] dev.ali.pos.service.SalesService         : Selected item1 price -> 100.0
2025-01-29T12:16:27.416+05:00  INFO 22740 --- [pos] [main] dev.ali.pos.service.SalesService         : Selected item2 price -> 120.0
2025-01-29T12:16:27.420+05:00  INFO 22740 --- [pos] [main] dev.ali.pos.service.SalesService         : Selected item3 price -> 130.0
2025-01-29T12:16:27.425+05:00  INFO 22740 --- [pos] [main] dev.ali.pos.service.SalesService         : itemTotalPrice -> 190.0
2025-01-29T12:16:27.426+05:00  INFO 22740 --- [pos] [main] dev.ali.pos.service.SalesService         : itemTotalPrice -> 114.0
2025-01-29T12:16:27.426+05:00  INFO 22740 --- [pos] [main] dev.ali.pos.service.SalesService         : itemTotalPrice -> 123.5
2025-01-29T12:16:27.426+05:00  INFO 22740 --- [pos] [main] dev.ali.pos.service.SalesService         : total -> 427.5
2025-01-29T12:16:27.427+05:00  INFO 22740 --- [pos] [main] dev.ali.pos.PosApplicationTests          : total -> 427.5
2025-01-29T12:16:27.464+05:00  INFO 22740 --- [pos] [main] dev.ali.pos.service.AdminService         : First name -> Ali Last name -> Tariq username -> alibaba_admin
2025-01-29T12:16:27.474+05:00  INFO 22740 --- [pos] [main] dev.ali.pos.PosApplicationTests          : New manager created ->dev.ali.pos.entity.Admin@6f18445b
2025-01-29T12:16:27.511+05:00  INFO 22740 --- [pos] [main] dev.ali.pos.service.SalesService         : Selected item1 price -> 100.0
2025-01-29T12:16:27.517+05:00  INFO 22740 --- [pos] [main] dev.ali.pos.service.SalesService         : Selected item2 price -> 120.0
2025-01-29T12:16:27.522+05:00  INFO 22740 --- [pos] [main] dev.ali.pos.service.SalesService         : Selected item3 price -> 130.0
2025-01-29T12:16:27.533+05:00  INFO 22740 --- [pos] [main] dev.ali.pos.service.SalesService         : Entering inside createOrder method in SalesService class...
2025-01-29T12:16:27.534+05:00  INFO 22740 --- [pos] [main] dev.ali.pos.service.SalesService         : Total number of items -> 4
2025-01-29T12:16:27.534+05:00  INFO 22740 --- [pos] [main] dev.ali.pos.service.SalesService         : itemTotalPrice -> 190.0
2025-01-29T12:16:27.534+05:00  INFO 22740 --- [pos] [main] dev.ali.pos.service.SalesService         : itemTotalPrice -> 114.0
2025-01-29T12:16:27.535+05:00  INFO 22740 --- [pos] [main] dev.ali.pos.service.SalesService         : itemTotalPrice -> 123.5
2025-01-29T12:16:27.535+05:00  INFO 22740 --- [pos] [main] dev.ali.pos.service.SalesService         : total -> 427.5
2025-01-29T12:16:27.535+05:00  INFO 22740 --- [pos] [main] dev.ali.pos.service.SalesService         : Sub-total -> 427.5
2025-01-29T12:16:27.535+05:00  INFO 22740 --- [pos] [main] dev.ali.pos.service.SalesService         : Netpayable -> 428.5
2025-01-29T12:16:27.536+05:00  INFO 22740 --- [pos] [main] dev.ali.pos.service.SalesService         : Received amount -> 1000.0
2025-01-29T12:16:27.536+05:00  INFO 22740 --- [pos] [main] dev.ali.pos.service.SalesService         : Change due -> 571.5
2025-01-29T12:16:27.536+05:00  INFO 22740 --- [pos] [main] dev.ali.pos.service.SalesService         : Entering checkout...
2025-01-29T12:16:27.544+05:00  INFO 22740 --- [pos] [main] dev.ali.pos.service.SalesService         : Order1 id -> 43
2025-01-29T12:16:27.582+05:00  INFO 22740 --- [pos] [main] dev.ali.pos.service.SalesService         : Leaving checkout...
2025-01-29T12:16:27.582+05:00  INFO 22740 --- [pos] [main] dev.ali.pos.service.InvoiceService       : Printing Invoice...
2025-01-29T12:16:27.600+05:00  INFO 22740 --- [pos] [main] dev.ali.pos.PosApplicationTests          : Change due -> 571.5
2025-01-29T12:16:27.648+05:00  INFO 22740 --- [pos] [main] dev.ali.pos.service.SalesService         : Selected item1 price -> 100.0
2025-01-29T12:16:27.652+05:00  INFO 22740 --- [pos] [main] dev.ali.pos.service.SalesService         : Selected item2 price -> 120.0
2025-01-29T12:16:27.655+05:00  INFO 22740 --- [pos] [main] dev.ali.pos.service.SalesService         : Selected item3 price -> 130.0
2025-01-29T12:16:28.053+05:00  INFO 22740 --- [pos] [SpringApplicationShutdownHook] j.LocalContainerEntityManagerFactoryBean : Closing JPA EntityManagerFactory for persistence unit 'default'
2025-01-29T12:16:28.058+05:00  INFO 22740 --- [pos] [SpringApplicationShutdownHook] com.zaxxer.hikari.HikariDataSource       : HikariPool-1 - Shutdown initiated...
2025-01-29T12:16:28.079+05:00  INFO 22740 --- [pos] [SpringApplicationShutdownHook] com.zaxxer.hikari.HikariDataSource       : HikariPool-1 - Shutdown completed.
2025-01-29T12:17:13.814+05:00  INFO 19980 --- [pos] [main] dev.ali.pos.PosApplicationTests          : Starting PosApplicationTests using Java 22.0.2 with PID 19980 (started by Administrator in D:\Projects\pos)
2025-01-29T12:17:13.823+05:00  INFO 19980 --- [pos] [main] dev.ali.pos.PosApplicationTests          : The following 1 profile is active: "dev"
2025-01-29T12:17:15.512+05:00  INFO 19980 --- [pos] [main] .s.d.r.c.RepositoryConfigurationDelegate : Bootstrapping Spring Data JPA repositories in DEFAULT mode.
2025-01-29T12:17:15.729+05:00  INFO 19980 --- [pos] [main] .s.d.r.c.RepositoryConfigurationDelegate : Finished Spring Data repository scanning in 198 ms. Found 9 JPA repository interfaces.
2025-01-29T12:17:16.148+05:00  INFO 19980 --- [pos] [main] dev.ali.pos.PosApplication               : POS application initialization...
2025-01-29T12:17:16.734+05:00  INFO 19980 --- [pos] [main] com.zaxxer.hikari.HikariDataSource       : HikariPool-1 - Starting...
2025-01-29T12:17:17.344+05:00  INFO 19980 --- [pos] [main] com.zaxxer.hikari.pool.HikariPool        : HikariPool-1 - Added connection org.postgresql.jdbc.PgConnection@ee21292
2025-01-29T12:17:17.347+05:00  INFO 19980 --- [pos] [main] com.zaxxer.hikari.HikariDataSource       : HikariPool-1 - Start completed.
2025-01-29T12:17:17.643+05:00  INFO 19980 --- [pos] [main] o.hibernate.jpa.internal.util.LogHelper  : HHH000204: Processing PersistenceUnitInfo [name: default]
2025-01-29T12:17:17.915+05:00  INFO 19980 --- [pos] [main] org.hibernate.Version                    : HHH000412: Hibernate ORM core version 6.6.5.Final
2025-01-29T12:17:18.037+05:00  INFO 19980 --- [pos] [main] o.h.c.internal.RegionFactoryInitiator    : HHH000026: Second-level cache disabled
2025-01-29T12:17:19.074+05:00  INFO 19980 --- [pos] [main] o.s.o.j.p.SpringPersistenceUnitInfo      : No LoadTimeWeaver setup: ignoring JPA class transformer
2025-01-29T12:17:19.331+05:00  INFO 19980 --- [pos] [main] org.hibernate.orm.connections.pooling    : HHH10001005: Database info:
	Database JDBC URL [Connecting through datasource 'HikariDataSource (HikariPool-1)']
	Database driver: undefined/unknown
	Database version: 16.3
	Autocommit mode: undefined/unknown
	Isolation level: undefined/unknown
	Minimum pool size: undefined/unknown
	Maximum pool size: undefined/unknown
2025-01-29T12:17:21.355+05:00  INFO 19980 --- [pos] [main] o.h.e.t.j.p.i.JtaPlatformInitiator       : HHH000489: No JTA platform available (set 'hibernate.transaction.jta.platform' to enable JTA platform integration)
2025-01-29T12:17:21.360+05:00  INFO 19980 --- [pos] [main] j.LocalContainerEntityManagerFactoryBean : Initialized JPA EntityManagerFactory for persistence unit 'default'
2025-01-29T12:17:22.519+05:00  INFO 19980 --- [pos] [main] dev.ali.pos.PosApplication               : Inside PostConstruct simulate
2025-01-29T12:17:22.520+05:00  INFO 19980 --- [pos] [main] dev.ali.pos.PosApplication               : Starting simulate sales service...
2025-01-29T12:17:22.717+05:00  INFO 19980 --- [pos] [main] dev.ali.pos.service.SalesService         : Selected item1 price -> 100.0
2025-01-29T12:17:22.722+05:00  INFO 19980 --- [pos] [main] dev.ali.pos.service.SalesService         : Selected item2 price -> 120.0
2025-01-29T12:17:22.726+05:00  INFO 19980 --- [pos] [main] dev.ali.pos.service.SalesService         : Selected item3 price -> 130.0
2025-01-29T12:17:22.731+05:00  INFO 19980 --- [pos] [main] dev.ali.pos.service.SalesService         : Entering inside createOrder method in SalesService class...
2025-01-29T12:17:22.734+05:00  INFO 19980 --- [pos] [main] dev.ali.pos.service.SalesService         : Total number of items -> 4
2025-01-29T12:17:22.741+05:00  INFO 19980 --- [pos] [main] dev.ali.pos.service.SalesService         : itemTotalPrice -> 190.0
2025-01-29T12:17:22.741+05:00  INFO 19980 --- [pos] [main] dev.ali.pos.service.SalesService         : itemTotalPrice -> 114.0
2025-01-29T12:17:22.742+05:00  INFO 19980 --- [pos] [main] dev.ali.pos.service.SalesService         : itemTotalPrice -> 123.5
2025-01-29T12:17:22.742+05:00  INFO 19980 --- [pos] [main] dev.ali.pos.service.SalesService         : total -> 427.5
2025-01-29T12:17:22.743+05:00  INFO 19980 --- [pos] [main] dev.ali.pos.service.SalesService         : Sub-total -> 427.5
2025-01-29T12:17:22.744+05:00  INFO 19980 --- [pos] [main] dev.ali.pos.service.SalesService         : Netpayable -> 428.5
2025-01-29T12:17:22.745+05:00  INFO 19980 --- [pos] [main] dev.ali.pos.service.SalesService         : Received amount -> 1000.0
2025-01-29T12:17:22.747+05:00  INFO 19980 --- [pos] [main] dev.ali.pos.service.SalesService         : Change due -> 571.5
2025-01-29T12:17:22.747+05:00  INFO 19980 --- [pos] [main] dev.ali.pos.service.SalesService         : Entering checkout...
2025-01-29T12:17:22.811+05:00  INFO 19980 --- [pos] [main] dev.ali.pos.service.SalesService         : Order1 id -> 44
2025-01-29T12:17:22.836+05:00  INFO 19980 --- [pos] [main] dev.ali.pos.service.SalesService         : Leaving checkout...
2025-01-29T12:17:22.837+05:00  INFO 19980 --- [pos] [main] dev.ali.pos.service.InvoiceService       : Printing Invoice...
2025-01-29T12:17:22.899+05:00  INFO 19980 --- [pos] [main] dev.ali.pos.service.SalesService         : Change due -> 571.5
2025-01-29T12:17:23.348+05:00  WARN 19980 --- [pos] [main] JpaBaseConfiguration$JpaWebConfiguration : spring.jpa.open-in-view is enabled by default. Therefore, database queries may be performed during view rendering. Explicitly configure spring.jpa.open-in-view to disable this warning
2025-01-29T12:17:24.119+05:00  INFO 19980 --- [pos] [main] dev.ali.pos.PosApplicationTests          : Started PosApplicationTests in 11.299 seconds (process running for 13.74)
2025-01-29T12:17:25.000+05:00  INFO 19980 --- [pos] [main] dev.ali.pos.service.CashierService       : First name -> Ali Last name -> Tariq email -> alibabapk@aol.com phone -> Shalamar link road gender -> m username -> alibaba_user
2025-01-29T12:17:25.027+05:00  INFO 19980 --- [pos] [main] dev.ali.pos.PosApplicationTests          : New manager created ->dev.ali.pos.entity.Cashier@4c25687b
2025-01-29T12:17:25.075+05:00  INFO 19980 --- [pos] [main] dev.ali.pos.service.ManagerService       : First name -> Ali Last name -> Tariq email -> alibabapk@aol.com phone -> Shalamar link road gender -> m username -> alibaba_manager
2025-01-29T12:17:25.087+05:00  INFO 19980 --- [pos] [main] dev.ali.pos.PosApplicationTests          : New manager created ->dev.ali.pos.entity.Manager@61868687
2025-01-29T12:17:25.107+05:00  INFO 19980 --- [pos] [main] dev.ali.pos.service.SalesService         : Selected item1 price -> 100.0
2025-01-29T12:17:25.110+05:00  INFO 19980 --- [pos] [main] dev.ali.pos.service.SalesService         : Selected item2 price -> 120.0
2025-01-29T12:17:25.114+05:00  INFO 19980 --- [pos] [main] dev.ali.pos.service.SalesService         : Selected item3 price -> 130.0
2025-01-29T12:17:25.119+05:00  INFO 19980 --- [pos] [main] dev.ali.pos.service.SalesService         : itemTotalPrice -> 190.0
2025-01-29T12:17:25.120+05:00  INFO 19980 --- [pos] [main] dev.ali.pos.service.SalesService         : itemTotalPrice -> 114.0
2025-01-29T12:17:25.120+05:00  INFO 19980 --- [pos] [main] dev.ali.pos.service.SalesService         : itemTotalPrice -> 123.5
2025-01-29T12:17:25.121+05:00  INFO 19980 --- [pos] [main] dev.ali.pos.service.SalesService         : total -> 427.5
2025-01-29T12:17:25.122+05:00  INFO 19980 --- [pos] [main] dev.ali.pos.PosApplicationTests          : total -> 427.5
2025-01-29T12:17:25.149+05:00  INFO 19980 --- [pos] [main] dev.ali.pos.service.AdminService         : First name -> Ali Last name -> Tariq username -> alibaba_admin
2025-01-29T12:17:25.163+05:00  INFO 19980 --- [pos] [main] dev.ali.pos.PosApplicationTests          : New manager created ->dev.ali.pos.entity.Admin@5a919251
2025-01-29T12:17:25.184+05:00  INFO 19980 --- [pos] [main] dev.ali.pos.service.SalesService         : Selected item1 price -> 100.0
2025-01-29T12:17:25.188+05:00  INFO 19980 --- [pos] [main] dev.ali.pos.service.SalesService         : Selected item2 price -> 120.0
2025-01-29T12:17:25.190+05:00  INFO 19980 --- [pos] [main] dev.ali.pos.service.SalesService         : Selected item3 price -> 130.0
2025-01-29T12:17:25.197+05:00  INFO 19980 --- [pos] [main] dev.ali.pos.service.SalesService         : Entering inside createOrder method in SalesService class...
2025-01-29T12:17:25.197+05:00  INFO 19980 --- [pos] [main] dev.ali.pos.service.SalesService         : Total number of items -> 4
2025-01-29T12:17:25.198+05:00  INFO 19980 --- [pos] [main] dev.ali.pos.service.SalesService         : itemTotalPrice -> 190.0
2025-01-29T12:17:25.198+05:00  INFO 19980 --- [pos] [main] dev.ali.pos.service.SalesService         : itemTotalPrice -> 114.0
2025-01-29T12:17:25.198+05:00  INFO 19980 --- [pos] [main] dev.ali.pos.service.SalesService         : itemTotalPrice -> 123.5
2025-01-29T12:17:25.199+05:00  INFO 19980 --- [pos] [main] dev.ali.pos.service.SalesService         : total -> 427.5
2025-01-29T12:17:25.199+05:00  INFO 19980 --- [pos] [main] dev.ali.pos.service.SalesService         : Sub-total -> 427.5
2025-01-29T12:17:25.199+05:00  INFO 19980 --- [pos] [main] dev.ali.pos.service.SalesService         : Netpayable -> 428.5
2025-01-29T12:17:25.199+05:00  INFO 19980 --- [pos] [main] dev.ali.pos.service.SalesService         : Received amount -> 1000.0
2025-01-29T12:17:25.200+05:00  INFO 19980 --- [pos] [main] dev.ali.pos.service.SalesService         : Change due -> 571.5
2025-01-29T12:17:25.200+05:00  INFO 19980 --- [pos] [main] dev.ali.pos.service.SalesService         : Entering checkout...
2025-01-29T12:17:25.207+05:00  INFO 19980 --- [pos] [main] dev.ali.pos.service.SalesService         : Order1 id -> 45
2025-01-29T12:17:25.217+05:00  INFO 19980 --- [pos] [main] dev.ali.pos.service.SalesService         : Leaving checkout...
2025-01-29T12:17:25.217+05:00  INFO 19980 --- [pos] [main] dev.ali.pos.service.InvoiceService       : Printing Invoice...
2025-01-29T12:17:25.230+05:00  INFO 19980 --- [pos] [main] dev.ali.pos.PosApplicationTests          : Change due -> 571.5
2025-01-29T12:17:25.276+05:00  INFO 19980 --- [pos] [main] dev.ali.pos.service.SalesService         : Selected item1 price -> 100.0
2025-01-29T12:17:25.279+05:00  INFO 19980 --- [pos] [main] dev.ali.pos.service.SalesService         : Selected item2 price -> 120.0
2025-01-29T12:17:25.282+05:00  INFO 19980 --- [pos] [main] dev.ali.pos.service.SalesService         : Selected item3 price -> 130.0
2025-01-29T12:17:25.679+05:00  INFO 19980 --- [pos] [SpringApplicationShutdownHook] j.LocalContainerEntityManagerFactoryBean : Closing JPA EntityManagerFactory for persistence unit 'default'
2025-01-29T12:17:25.682+05:00  INFO 19980 --- [pos] [SpringApplicationShutdownHook] com.zaxxer.hikari.HikariDataSource       : HikariPool-1 - Shutdown initiated...
2025-01-29T12:17:25.697+05:00  INFO 19980 --- [pos] [SpringApplicationShutdownHook] com.zaxxer.hikari.HikariDataSource       : HikariPool-1 - Shutdown completed.
2025-01-29T12:28:21.237+05:00  INFO 21364 --- [pos] [main] dev.ali.pos.PosApplicationTests          : Starting PosApplicationTests using Java 22.0.2 with PID 21364 (started by Administrator in D:\Projects\pos)
2025-01-29T12:28:21.245+05:00  INFO 21364 --- [pos] [main] dev.ali.pos.PosApplicationTests          : The following 1 profile is active: "dev"
2025-01-29T12:28:22.727+05:00  INFO 21364 --- [pos] [main] .s.d.r.c.RepositoryConfigurationDelegate : Bootstrapping Spring Data JPA repositories in DEFAULT mode.
2025-01-29T12:28:22.956+05:00  INFO 21364 --- [pos] [main] .s.d.r.c.RepositoryConfigurationDelegate : Finished Spring Data repository scanning in 204 ms. Found 9 JPA repository interfaces.
2025-01-29T12:28:23.462+05:00  INFO 21364 --- [pos] [main] dev.ali.pos.PosApplication               : POS application initialization...
2025-01-29T12:28:24.123+05:00  INFO 21364 --- [pos] [main] com.zaxxer.hikari.HikariDataSource       : HikariPool-1 - Starting...
2025-01-29T12:28:24.818+05:00  INFO 21364 --- [pos] [main] com.zaxxer.hikari.pool.HikariPool        : HikariPool-1 - Added connection org.postgresql.jdbc.PgConnection@ee21292
2025-01-29T12:28:24.821+05:00  INFO 21364 --- [pos] [main] com.zaxxer.hikari.HikariDataSource       : HikariPool-1 - Start completed.
2025-01-29T12:28:25.122+05:00  INFO 21364 --- [pos] [main] o.hibernate.jpa.internal.util.LogHelper  : HHH000204: Processing PersistenceUnitInfo [name: default]
2025-01-29T12:28:25.364+05:00  INFO 21364 --- [pos] [main] org.hibernate.Version                    : HHH000412: Hibernate ORM core version 6.6.5.Final
2025-01-29T12:28:25.498+05:00  INFO 21364 --- [pos] [main] o.h.c.internal.RegionFactoryInitiator    : HHH000026: Second-level cache disabled
2025-01-29T12:28:26.475+05:00  INFO 21364 --- [pos] [main] o.s.o.j.p.SpringPersistenceUnitInfo      : No LoadTimeWeaver setup: ignoring JPA class transformer
2025-01-29T12:28:26.762+05:00  INFO 21364 --- [pos] [main] org.hibernate.orm.connections.pooling    : HHH10001005: Database info:
	Database JDBC URL [Connecting through datasource 'HikariDataSource (HikariPool-1)']
	Database driver: undefined/unknown
	Database version: 16.3
	Autocommit mode: undefined/unknown
	Isolation level: undefined/unknown
	Minimum pool size: undefined/unknown
	Maximum pool size: undefined/unknown
2025-01-29T12:28:29.435+05:00  INFO 21364 --- [pos] [main] o.h.e.t.j.p.i.JtaPlatformInitiator       : HHH000489: No JTA platform available (set 'hibernate.transaction.jta.platform' to enable JTA platform integration)
2025-01-29T12:28:29.443+05:00  INFO 21364 --- [pos] [main] j.LocalContainerEntityManagerFactoryBean : Initialized JPA EntityManagerFactory for persistence unit 'default'
2025-01-29T12:28:30.560+05:00  INFO 21364 --- [pos] [main] dev.ali.pos.PosApplication               : Inside PostConstruct simulate
2025-01-29T12:28:30.561+05:00  INFO 21364 --- [pos] [main] dev.ali.pos.PosApplication               : Starting simulate sales service...
2025-01-29T12:28:30.772+05:00  INFO 21364 --- [pos] [main] dev.ali.pos.service.SalesService         : Selected item1 price -> 100.0
2025-01-29T12:28:30.777+05:00  INFO 21364 --- [pos] [main] dev.ali.pos.service.SalesService         : Selected item2 price -> 120.0
2025-01-29T12:28:30.781+05:00  INFO 21364 --- [pos] [main] dev.ali.pos.service.SalesService         : Selected item3 price -> 130.0
2025-01-29T12:28:30.782+05:00  INFO 21364 --- [pos] [main] dev.ali.pos.service.SalesService         : Entering inside createOrder method in SalesService class...
2025-01-29T12:28:30.784+05:00  INFO 21364 --- [pos] [main] dev.ali.pos.service.SalesService         : Total number of items -> 4
2025-01-29T12:28:30.790+05:00  INFO 21364 --- [pos] [main] dev.ali.pos.service.SalesService         : itemTotalPrice -> 190.0
2025-01-29T12:28:30.791+05:00  INFO 21364 --- [pos] [main] dev.ali.pos.service.SalesService         : itemTotalPrice -> 120.0
2025-01-29T12:28:30.791+05:00  INFO 21364 --- [pos] [main] dev.ali.pos.service.SalesService         : itemTotalPrice -> 123.5
2025-01-29T12:28:30.792+05:00  INFO 21364 --- [pos] [main] dev.ali.pos.service.SalesService         : total -> 433.5
2025-01-29T12:28:30.792+05:00  INFO 21364 --- [pos] [main] dev.ali.pos.service.SalesService         : Sub-total -> 433.5
2025-01-29T12:28:30.793+05:00  INFO 21364 --- [pos] [main] dev.ali.pos.service.SalesService         : Netpayable -> 434.5
2025-01-29T12:28:30.793+05:00  INFO 21364 --- [pos] [main] dev.ali.pos.service.SalesService         : Received amount -> 1000.0
2025-01-29T12:28:30.794+05:00  INFO 21364 --- [pos] [main] dev.ali.pos.service.SalesService         : Change due -> 565.5
2025-01-29T12:28:30.794+05:00  INFO 21364 --- [pos] [main] dev.ali.pos.service.SalesService         : Entering checkout...
2025-01-29T12:28:30.885+05:00  INFO 21364 --- [pos] [main] dev.ali.pos.service.SalesService         : Order1 id -> 46
2025-01-29T12:28:30.911+05:00  INFO 21364 --- [pos] [main] dev.ali.pos.service.SalesService         : Leaving checkout...
2025-01-29T12:28:30.912+05:00  INFO 21364 --- [pos] [main] dev.ali.pos.service.InvoiceService       : Printing Invoice...
2025-01-29T12:28:30.930+05:00  INFO 21364 --- [pos] [main] dev.ali.pos.service.SalesService         : Change due -> 565.5
2025-01-29T12:28:31.359+05:00  WARN 21364 --- [pos] [main] JpaBaseConfiguration$JpaWebConfiguration : spring.jpa.open-in-view is enabled by default. Therefore, database queries may be performed during view rendering. Explicitly configure spring.jpa.open-in-view to disable this warning
2025-01-29T12:28:32.173+05:00  INFO 21364 --- [pos] [main] dev.ali.pos.PosApplicationTests          : Started PosApplicationTests in 11.923 seconds (process running for 14.331)
2025-01-29T12:28:33.207+05:00  INFO 21364 --- [pos] [main] dev.ali.pos.service.CashierService       : First name -> Ali Last name -> Tariq email -> alibabapk@aol.com phone -> Shalamar link road gender -> m username -> alibaba_user
2025-01-29T12:28:33.233+05:00  INFO 21364 --- [pos] [main] dev.ali.pos.PosApplicationTests          : New manager created ->Cashier{id=141, firstName='Ali', lastName='Tariq', address='Shalamar link road', phone='1118174', email='alibabapk@aol.com', gender='m'}
2025-01-29T12:28:33.279+05:00  INFO 21364 --- [pos] [main] dev.ali.pos.service.ManagerService       : First name -> Ali Last name -> Tariq email -> alibabapk@aol.com phone -> Shalamar link road gender -> m username -> alibaba_manager
2025-01-29T12:28:33.291+05:00  INFO 21364 --- [pos] [main] dev.ali.pos.PosApplicationTests          : New manager created ->Manager{id=142, firstName='Ali', lastName='Tariq', address='Shalamar link road', phone='1118174', email='alibabapk@aol.com', gender='m'}
2025-01-29T12:28:33.317+05:00  INFO 21364 --- [pos] [main] dev.ali.pos.service.SalesService         : Selected item1 price -> 100.0
2025-01-29T12:28:33.321+05:00  INFO 21364 --- [pos] [main] dev.ali.pos.service.SalesService         : Selected item2 price -> 120.0
2025-01-29T12:28:33.324+05:00  INFO 21364 --- [pos] [main] dev.ali.pos.service.SalesService         : Selected item3 price -> 130.0
2025-01-29T12:28:33.331+05:00  INFO 21364 --- [pos] [main] dev.ali.pos.service.SalesService         : itemTotalPrice -> 190.0
2025-01-29T12:28:33.331+05:00  INFO 21364 --- [pos] [main] dev.ali.pos.service.SalesService         : itemTotalPrice -> 120.0
2025-01-29T12:28:33.332+05:00  INFO 21364 --- [pos] [main] dev.ali.pos.service.SalesService         : itemTotalPrice -> 123.5
2025-01-29T12:28:33.332+05:00  INFO 21364 --- [pos] [main] dev.ali.pos.service.SalesService         : total -> 433.5
2025-01-29T12:28:33.333+05:00  INFO 21364 --- [pos] [main] dev.ali.pos.PosApplicationTests          : total -> 433.5
2025-01-29T12:28:33.369+05:00  INFO 21364 --- [pos] [main] dev.ali.pos.service.AdminService         : First name -> Ali Last name -> Tariq username -> alibaba_admin
2025-01-29T12:28:33.400+05:00  INFO 21364 --- [pos] [main] dev.ali.pos.PosApplicationTests          : New manager created ->Admin{id=143, firstName='Ali', lastName='Tariq', phone='358459340'}
2025-01-29T12:28:33.423+05:00  INFO 21364 --- [pos] [main] dev.ali.pos.service.SalesService         : Selected item1 price -> 100.0
2025-01-29T12:28:33.426+05:00  INFO 21364 --- [pos] [main] dev.ali.pos.service.SalesService         : Selected item2 price -> 120.0
2025-01-29T12:28:33.429+05:00  INFO 21364 --- [pos] [main] dev.ali.pos.service.SalesService         : Selected item3 price -> 130.0
2025-01-29T12:28:33.435+05:00  INFO 21364 --- [pos] [main] dev.ali.pos.service.SalesService         : Entering inside createOrder method in SalesService class...
2025-01-29T12:28:33.436+05:00  INFO 21364 --- [pos] [main] dev.ali.pos.service.SalesService         : Total number of items -> 4
2025-01-29T12:28:33.436+05:00  INFO 21364 --- [pos] [main] dev.ali.pos.service.SalesService         : itemTotalPrice -> 190.0
2025-01-29T12:28:33.436+05:00  INFO 21364 --- [pos] [main] dev.ali.pos.service.SalesService         : itemTotalPrice -> 120.0
2025-01-29T12:28:33.436+05:00  INFO 21364 --- [pos] [main] dev.ali.pos.service.SalesService         : itemTotalPrice -> 123.5
2025-01-29T12:28:33.437+05:00  INFO 21364 --- [pos] [main] dev.ali.pos.service.SalesService         : total -> 433.5
2025-01-29T12:28:33.437+05:00  INFO 21364 --- [pos] [main] dev.ali.pos.service.SalesService         : Sub-total -> 433.5
2025-01-29T12:28:33.437+05:00  INFO 21364 --- [pos] [main] dev.ali.pos.service.SalesService         : Netpayable -> 434.5
2025-01-29T12:28:33.437+05:00  INFO 21364 --- [pos] [main] dev.ali.pos.service.SalesService         : Received amount -> 1000.0
2025-01-29T12:28:33.438+05:00  INFO 21364 --- [pos] [main] dev.ali.pos.service.SalesService         : Change due -> 565.5
2025-01-29T12:28:33.438+05:00  INFO 21364 --- [pos] [main] dev.ali.pos.service.SalesService         : Entering checkout...
2025-01-29T12:28:33.444+05:00  INFO 21364 --- [pos] [main] dev.ali.pos.service.SalesService         : Order1 id -> 47
2025-01-29T12:28:33.454+05:00  INFO 21364 --- [pos] [main] dev.ali.pos.service.SalesService         : Leaving checkout...
2025-01-29T12:28:33.454+05:00  INFO 21364 --- [pos] [main] dev.ali.pos.service.InvoiceService       : Printing Invoice...
2025-01-29T12:28:33.477+05:00  INFO 21364 --- [pos] [main] dev.ali.pos.PosApplicationTests          : Change due -> 565.5
2025-01-29T12:28:33.523+05:00  INFO 21364 --- [pos] [main] dev.ali.pos.service.SalesService         : Selected item1 price -> 100.0
2025-01-29T12:28:33.527+05:00  INFO 21364 --- [pos] [main] dev.ali.pos.service.SalesService         : Selected item2 price -> 120.0
2025-01-29T12:28:33.534+05:00  INFO 21364 --- [pos] [main] dev.ali.pos.service.SalesService         : Selected item3 price -> 130.0
2025-01-29T12:28:34.015+05:00  INFO 21364 --- [pos] [SpringApplicationShutdownHook] j.LocalContainerEntityManagerFactoryBean : Closing JPA EntityManagerFactory for persistence unit 'default'
2025-01-29T12:28:34.020+05:00  INFO 21364 --- [pos] [SpringApplicationShutdownHook] com.zaxxer.hikari.HikariDataSource       : HikariPool-1 - Shutdown initiated...
2025-01-29T12:28:34.041+05:00  INFO 21364 --- [pos] [SpringApplicationShutdownHook] com.zaxxer.hikari.HikariDataSource       : HikariPool-1 - Shutdown completed.
2025-01-29T12:29:25.841+05:00  INFO 3660 --- [pos] [main] dev.ali.pos.PosApplicationTests          : Starting PosApplicationTests using Java 22.0.2 with PID 3660 (started by Administrator in D:\Projects\pos)
2025-01-29T12:29:25.845+05:00  INFO 3660 --- [pos] [main] dev.ali.pos.PosApplicationTests          : The following 1 profile is active: "dev"
2025-01-29T12:29:27.733+05:00  INFO 3660 --- [pos] [main] .s.d.r.c.RepositoryConfigurationDelegate : Bootstrapping Spring Data JPA repositories in DEFAULT mode.
2025-01-29T12:29:27.926+05:00  INFO 3660 --- [pos] [main] .s.d.r.c.RepositoryConfigurationDelegate : Finished Spring Data repository scanning in 170 ms. Found 9 JPA repository interfaces.
2025-01-29T12:29:28.358+05:00  INFO 3660 --- [pos] [main] dev.ali.pos.PosApplication               : POS application initialization...
2025-01-29T12:29:28.982+05:00  INFO 3660 --- [pos] [main] com.zaxxer.hikari.HikariDataSource       : HikariPool-1 - Starting...
2025-01-29T12:29:29.553+05:00  INFO 3660 --- [pos] [main] com.zaxxer.hikari.pool.HikariPool        : HikariPool-1 - Added connection org.postgresql.jdbc.PgConnection@2c0c4c0a
2025-01-29T12:29:29.557+05:00  INFO 3660 --- [pos] [main] com.zaxxer.hikari.HikariDataSource       : HikariPool-1 - Start completed.
2025-01-29T12:29:29.847+05:00  INFO 3660 --- [pos] [main] o.hibernate.jpa.internal.util.LogHelper  : HHH000204: Processing PersistenceUnitInfo [name: default]
2025-01-29T12:29:30.117+05:00  INFO 3660 --- [pos] [main] org.hibernate.Version                    : HHH000412: Hibernate ORM core version 6.6.5.Final
2025-01-29T12:29:30.245+05:00  INFO 3660 --- [pos] [main] o.h.c.internal.RegionFactoryInitiator    : HHH000026: Second-level cache disabled
2025-01-29T12:29:31.103+05:00  INFO 3660 --- [pos] [main] o.s.o.j.p.SpringPersistenceUnitInfo      : No LoadTimeWeaver setup: ignoring JPA class transformer
2025-01-29T12:29:31.354+05:00  INFO 3660 --- [pos] [main] org.hibernate.orm.connections.pooling    : HHH10001005: Database info:
	Database JDBC URL [Connecting through datasource 'HikariDataSource (HikariPool-1)']
	Database driver: undefined/unknown
	Database version: 16.3
	Autocommit mode: undefined/unknown
	Isolation level: undefined/unknown
	Minimum pool size: undefined/unknown
	Maximum pool size: undefined/unknown
2025-01-29T12:29:33.562+05:00  INFO 3660 --- [pos] [main] o.h.e.t.j.p.i.JtaPlatformInitiator       : HHH000489: No JTA platform available (set 'hibernate.transaction.jta.platform' to enable JTA platform integration)
2025-01-29T12:29:33.571+05:00  INFO 3660 --- [pos] [main] j.LocalContainerEntityManagerFactoryBean : Initialized JPA EntityManagerFactory for persistence unit 'default'
2025-01-29T12:29:34.646+05:00  INFO 3660 --- [pos] [main] dev.ali.pos.PosApplication               : Inside PostConstruct simulate
2025-01-29T12:29:34.647+05:00  INFO 3660 --- [pos] [main] dev.ali.pos.PosApplication               : Starting simulate sales service...
2025-01-29T12:29:34.849+05:00  INFO 3660 --- [pos] [main] dev.ali.pos.service.SalesService         : Selected item1 price -> 100.0
2025-01-29T12:29:34.854+05:00  INFO 3660 --- [pos] [main] dev.ali.pos.service.SalesService         : Selected item2 price -> 120.0
2025-01-29T12:29:34.858+05:00  INFO 3660 --- [pos] [main] dev.ali.pos.service.SalesService         : Selected item3 price -> 130.0
2025-01-29T12:29:34.859+05:00  INFO 3660 --- [pos] [main] dev.ali.pos.service.SalesService         : Entering inside createOrder method in SalesService class...
2025-01-29T12:29:34.861+05:00  INFO 3660 --- [pos] [main] dev.ali.pos.service.SalesService         : Total number of items -> 4
2025-01-29T12:29:34.869+05:00  INFO 3660 --- [pos] [main] dev.ali.pos.service.SalesService         : itemTotalPrice -> 190.0
2025-01-29T12:29:34.870+05:00  INFO 3660 --- [pos] [main] dev.ali.pos.service.SalesService         : itemTotalPrice -> 120.0
2025-01-29T12:29:34.870+05:00  INFO 3660 --- [pos] [main] dev.ali.pos.service.SalesService         : itemTotalPrice -> 123.5
2025-01-29T12:29:34.871+05:00  INFO 3660 --- [pos] [main] dev.ali.pos.service.SalesService         : total -> 433.5
2025-01-29T12:29:34.871+05:00  INFO 3660 --- [pos] [main] dev.ali.pos.service.SalesService         : Sub-total -> 433.5
2025-01-29T12:29:34.873+05:00  INFO 3660 --- [pos] [main] dev.ali.pos.service.SalesService         : Netpayable -> 434.5
2025-01-29T12:29:34.874+05:00  INFO 3660 --- [pos] [main] dev.ali.pos.service.SalesService         : Received amount -> 1000.0
2025-01-29T12:29:34.875+05:00  INFO 3660 --- [pos] [main] dev.ali.pos.service.SalesService         : Change due -> 565.5
2025-01-29T12:29:34.876+05:00  INFO 3660 --- [pos] [main] dev.ali.pos.service.SalesService         : Entering checkout...
2025-01-29T12:29:34.973+05:00  INFO 3660 --- [pos] [main] dev.ali.pos.service.SalesService         : Order1 id -> 48
2025-01-29T12:29:34.989+05:00  INFO 3660 --- [pos] [main] dev.ali.pos.service.SalesService         : Leaving checkout...
2025-01-29T12:29:34.990+05:00  INFO 3660 --- [pos] [main] dev.ali.pos.service.InvoiceService       : Printing Invoice...
2025-01-29T12:29:35.005+05:00  INFO 3660 --- [pos] [main] dev.ali.pos.service.SalesService         : Change due -> 565.5
2025-01-29T12:29:35.543+05:00  WARN 3660 --- [pos] [main] JpaBaseConfiguration$JpaWebConfiguration : spring.jpa.open-in-view is enabled by default. Therefore, database queries may be performed during view rendering. Explicitly configure spring.jpa.open-in-view to disable this warning
2025-01-29T12:29:36.486+05:00  INFO 3660 --- [pos] [main] dev.ali.pos.PosApplicationTests          : Started PosApplicationTests in 11.872 seconds (process running for 14.244)
2025-01-29T12:29:37.421+05:00  INFO 3660 --- [pos] [main] dev.ali.pos.service.CashierService       : First name -> Ali Last name -> Tariq email -> alibabapk@aol.com phone -> Shalamar link road gender -> m username -> alibaba_user
2025-01-29T12:29:37.450+05:00  INFO 3660 --- [pos] [main] dev.ali.pos.PosApplicationTests          : New manager created ->Cashier{id=144, firstName='Ali', lastName='Tariq', address='Shalamar link road', phone='1118174', email='alibabapk@aol.com', gender='m'}
2025-01-29T12:29:37.498+05:00  INFO 3660 --- [pos] [main] dev.ali.pos.service.ManagerService       : First name -> Ali Last name -> Tariq email -> alibabapk@aol.com phone -> Shalamar link road gender -> m username -> alibaba_manager
2025-01-29T12:29:37.513+05:00  INFO 3660 --- [pos] [main] dev.ali.pos.PosApplicationTests          : New manager created ->Manager{id=145, firstName='Ali', lastName='Tariq', address='Shalamar link road', phone='1118174', email='alibabapk@aol.com', gender='m'}
2025-01-29T12:29:37.541+05:00  INFO 3660 --- [pos] [main] dev.ali.pos.service.SalesService         : Selected item1 price -> 100.0
2025-01-29T12:29:37.544+05:00  INFO 3660 --- [pos] [main] dev.ali.pos.service.SalesService         : Selected item2 price -> 120.0
2025-01-29T12:29:37.548+05:00  INFO 3660 --- [pos] [main] dev.ali.pos.service.SalesService         : Selected item3 price -> 130.0
2025-01-29T12:29:37.553+05:00  INFO 3660 --- [pos] [main] dev.ali.pos.service.SalesService         : itemTotalPrice -> 190.0
2025-01-29T12:29:37.554+05:00  INFO 3660 --- [pos] [main] dev.ali.pos.service.SalesService         : itemTotalPrice -> 120.0
2025-01-29T12:29:37.554+05:00  INFO 3660 --- [pos] [main] dev.ali.pos.service.SalesService         : itemTotalPrice -> 123.5
2025-01-29T12:29:37.554+05:00  INFO 3660 --- [pos] [main] dev.ali.pos.service.SalesService         : total -> 433.5
2025-01-29T12:29:37.555+05:00  INFO 3660 --- [pos] [main] dev.ali.pos.PosApplicationTests          : total -> 433.5
2025-01-29T12:29:37.578+05:00  INFO 3660 --- [pos] [main] dev.ali.pos.service.AdminService         : First name -> Ali Last name -> Tariq username -> alibaba_admin
2025-01-29T12:29:37.590+05:00  INFO 3660 --- [pos] [main] dev.ali.pos.PosApplicationTests          : New manager created ->Admin{id=146, firstName='Ali', lastName='Tariq', phone='358459340'}
2025-01-29T12:29:37.613+05:00  INFO 3660 --- [pos] [main] dev.ali.pos.service.SalesService         : Selected item1 price -> 100.0
2025-01-29T12:29:37.616+05:00  INFO 3660 --- [pos] [main] dev.ali.pos.service.SalesService         : Selected item2 price -> 120.0
2025-01-29T12:29:37.620+05:00  INFO 3660 --- [pos] [main] dev.ali.pos.service.SalesService         : Selected item3 price -> 130.0
2025-01-29T12:29:37.626+05:00  INFO 3660 --- [pos] [main] dev.ali.pos.service.SalesService         : Entering inside createOrder method in SalesService class...
2025-01-29T12:29:37.627+05:00  INFO 3660 --- [pos] [main] dev.ali.pos.service.SalesService         : Total number of items -> 4
2025-01-29T12:29:37.628+05:00  INFO 3660 --- [pos] [main] dev.ali.pos.service.SalesService         : itemTotalPrice -> 190.0
2025-01-29T12:29:37.628+05:00  INFO 3660 --- [pos] [main] dev.ali.pos.service.SalesService         : itemTotalPrice -> 120.0
2025-01-29T12:29:37.629+05:00  INFO 3660 --- [pos] [main] dev.ali.pos.service.SalesService         : itemTotalPrice -> 123.5
2025-01-29T12:29:37.629+05:00  INFO 3660 --- [pos] [main] dev.ali.pos.service.SalesService         : total -> 433.5
2025-01-29T12:29:37.630+05:00  INFO 3660 --- [pos] [main] dev.ali.pos.service.SalesService         : Sub-total -> 433.5
2025-01-29T12:29:37.630+05:00  INFO 3660 --- [pos] [main] dev.ali.pos.service.SalesService         : Netpayable -> 434.5
2025-01-29T12:29:37.630+05:00  INFO 3660 --- [pos] [main] dev.ali.pos.service.SalesService         : Received amount -> 1000.0
2025-01-29T12:29:37.630+05:00  INFO 3660 --- [pos] [main] dev.ali.pos.service.SalesService         : Change due -> 565.5
2025-01-29T12:29:37.631+05:00  INFO 3660 --- [pos] [main] dev.ali.pos.service.SalesService         : Entering checkout...
2025-01-29T12:29:37.654+05:00  INFO 3660 --- [pos] [main] dev.ali.pos.service.SalesService         : Order1 id -> 49
2025-01-29T12:29:37.665+05:00  INFO 3660 --- [pos] [main] dev.ali.pos.service.SalesService         : Leaving checkout...
2025-01-29T12:29:37.666+05:00  INFO 3660 --- [pos] [main] dev.ali.pos.service.InvoiceService       : Printing Invoice...
2025-01-29T12:29:37.683+05:00  INFO 3660 --- [pos] [main] dev.ali.pos.PosApplicationTests          : Change due -> 565.5
2025-01-29T12:29:37.740+05:00  INFO 3660 --- [pos] [main] dev.ali.pos.service.SalesService         : Selected item1 price -> 100.0
2025-01-29T12:29:37.746+05:00  INFO 3660 --- [pos] [main] dev.ali.pos.service.SalesService         : Selected item2 price -> 120.0
2025-01-29T12:29:37.749+05:00  INFO 3660 --- [pos] [main] dev.ali.pos.service.SalesService         : Selected item3 price -> 130.0
2025-01-29T12:29:38.053+05:00  INFO 3660 --- [pos] [SpringApplicationShutdownHook] j.LocalContainerEntityManagerFactoryBean : Closing JPA EntityManagerFactory for persistence unit 'default'
2025-01-29T12:29:38.057+05:00  INFO 3660 --- [pos] [SpringApplicationShutdownHook] com.zaxxer.hikari.HikariDataSource       : HikariPool-1 - Shutdown initiated...
2025-01-29T12:29:38.073+05:00  INFO 3660 --- [pos] [SpringApplicationShutdownHook] com.zaxxer.hikari.HikariDataSource       : HikariPool-1 - Shutdown completed.
